2026-01-09 00:03:56.523  INFO 27228 --- [http-nio-8082-exec-10] e.f.m.service.UserFavoriteService        : 获取用户 4 的收藏列表
2026-01-09 00:03:56.644 DEBUG 27228 --- [http-nio-8082-exec-10] e.f.m.m.UserFavoriteMapper.selectList    : ==>  Preparing: SELECT id,user_id,product_id,create_time FROM user_favorite WHERE (user_id = ?) ORDER BY create_time DESC
2026-01-09 00:03:56.647 DEBUG 27228 --- [http-nio-8082-exec-10] e.f.m.m.UserFavoriteMapper.selectList    : ==> Parameters: 4(Long)
2026-01-09 00:03:56.725 DEBUG 27228 --- [http-nio-8082-exec-10] e.f.m.m.UserFavoriteMapper.selectList    : <==      Total: 7
2026-01-09 00:03:58.533  INFO 27228 --- [http-nio-8082-exec-2] e.f.m.service.UserFavoriteService        : 获取用户 4 的收藏列表
2026-01-09 00:03:58.536  INFO 27228 --- [http-nio-8082-exec-1] e.f.m.service.UserFootprintService       : 获取用户 4 的足迹列表
2026-01-09 00:03:58.537 DEBUG 27228 --- [http-nio-8082-exec-2] e.f.m.m.UserFavoriteMapper.selectList    : ==>  Preparing: SELECT id,user_id,product_id,create_time FROM user_favorite WHERE (user_id = ?) ORDER BY create_time DESC
2026-01-09 00:03:58.537 DEBUG 27228 --- [http-nio-8082-exec-2] e.f.m.m.UserFavoriteMapper.selectList    : ==> Parameters: 4(Long)
2026-01-09 00:03:58.542 DEBUG 27228 --- [http-nio-8082-exec-2] e.f.m.m.UserFavoriteMapper.selectList    : <==      Total: 7
2026-01-09 00:03:58.544 DEBUG 27228 --- [http-nio-8082-exec-1] e.f.m.m.UserFootprintMapper.selectList   : ==>  Preparing: SELECT id,user_id,product_id,visit_time FROM user_footprint WHERE (user_id = ?) ORDER BY visit_time DESC
2026-01-09 00:03:58.544 DEBUG 27228 --- [http-nio-8082-exec-1] e.f.m.m.UserFootprintMapper.selectList   : ==> Parameters: 4(Long)
2026-01-09 00:03:58.563 DEBUG 27228 --- [http-nio-8082-exec-1] e.f.m.m.UserFootprintMapper.selectList   : <==      Total: 2
2026-01-09 00:03:59.552  INFO 27228 --- [http-nio-8082-exec-3] e.f.m.service.UserFootprintService       : 获取用户 4 的足迹列表
2026-01-09 00:03:59.555 DEBUG 27228 --- [http-nio-8082-exec-3] e.f.m.m.UserFootprintMapper.selectList   : ==>  Preparing: SELECT id,user_id,product_id,visit_time FROM user_footprint WHERE (user_id = ?) ORDER BY visit_time DESC
2026-01-09 00:03:59.556 DEBUG 27228 --- [http-nio-8082-exec-3] e.f.m.m.UserFootprintMapper.selectList   : ==> Parameters: 4(Long)
2026-01-09 00:03:59.557 DEBUG 27228 --- [http-nio-8082-exec-3] e.f.m.m.UserFootprintMapper.selectList   : <==      Total: 2
2026-01-09 00:04:00.299  INFO 27228 --- [http-nio-8082-exec-5] edu.fdzc.malluser.service.CouponService  : 获取可用优惠券列表
2026-01-09 00:04:00.302  INFO 27228 --- [http-nio-8082-exec-4] edu.fdzc.malluser.service.CouponService  : 获取用户 4 的优惠券列表
2026-01-09 00:04:00.302 DEBUG 27228 --- [http-nio-8082-exec-5] e.f.m.mapper.CouponMapper.selectList     : ==>  Preparing: SELECT id,name,description,type,value,min_amount,start_time,end_time,total_quantity,remaining_quantity,status,shop_id FROM coupon WHERE (end_time >= ? AND remaining_quantity > ?)
2026-01-09 00:04:00.306 DEBUG 27228 --- [http-nio-8082-exec-5] e.f.m.mapper.CouponMapper.selectList     : ==> Parameters: 2026-01-09 00:04:00.299(Timestamp), 0(Integer)
2026-01-09 00:04:00.309 DEBUG 27228 --- [http-nio-8082-exec-4] e.f.m.m.UserCouponMapper.selectList      : ==>  Preparing: SELECT id,user_id,coupon_id,obtain_time,status FROM user_coupon WHERE (user_id = ?) ORDER BY obtain_time DESC
2026-01-09 00:04:00.309 DEBUG 27228 --- [http-nio-8082-exec-4] e.f.m.m.UserCouponMapper.selectList      : ==> Parameters: 4(Long)
2026-01-09 00:04:00.316 DEBUG 27228 --- [http-nio-8082-exec-4] e.f.m.m.UserCouponMapper.selectList      : <==      Total: 6
2026-01-09 00:04:00.317 DEBUG 27228 --- [http-nio-8082-exec-4] e.f.m.mapper.CouponMapper.selectById     : ==>  Preparing: SELECT id,name,description,type,value,min_amount,start_time,end_time,total_quantity,remaining_quantity,status,shop_id FROM coupon WHERE id=?
2026-01-09 00:04:00.318 DEBUG 27228 --- [http-nio-8082-exec-4] e.f.m.mapper.CouponMapper.selectById     : ==> Parameters: 3(Long)
2026-01-09 00:04:00.320 DEBUG 27228 --- [http-nio-8082-exec-4] e.f.m.mapper.CouponMapper.selectById     : <==      Total: 1
2026-01-09 00:04:00.322 DEBUG 27228 --- [http-nio-8082-exec-5] e.f.m.mapper.CouponMapper.selectList     : <==      Total: 2
2026-01-09 00:04:00.322 DEBUG 27228 --- [http-nio-8082-exec-4] e.f.m.mapper.CouponMapper.selectById     : ==>  Preparing: SELECT id,name,description,type,value,min_amount,start_time,end_time,total_quantity,remaining_quantity,status,shop_id FROM coupon WHERE id=?
2026-01-09 00:04:00.322 DEBUG 27228 --- [http-nio-8082-exec-4] e.f.m.mapper.CouponMapper.selectById     : ==> Parameters: 3(Long)
2026-01-09 00:04:00.325 DEBUG 27228 --- [http-nio-8082-exec-4] e.f.m.mapper.CouponMapper.selectById     : <==      Total: 1
2026-01-09 00:04:00.326 DEBUG 27228 --- [http-nio-8082-exec-4] e.f.m.mapper.CouponMapper.selectById     : ==>  Preparing: SELECT id,name,description,type,value,min_amount,start_time,end_time,total_quantity,remaining_quantity,status,shop_id FROM coupon WHERE id=?
2026-01-09 00:04:00.327 DEBUG 27228 --- [http-nio-8082-exec-4] e.f.m.mapper.CouponMapper.selectById     : ==> Parameters: 1(Long)
2026-01-09 00:04:00.328 DEBUG 27228 --- [http-nio-8082-exec-4] e.f.m.mapper.CouponMapper.selectById     : <==      Total: 1
2026-01-09 00:04:00.330 DEBUG 27228 --- [http-nio-8082-exec-4] e.f.m.mapper.CouponMapper.selectById     : ==>  Preparing: SELECT id,name,description,type,value,min_amount,start_time,end_time,total_quantity,remaining_quantity,status,shop_id FROM coupon WHERE id=?
2026-01-09 00:04:00.330 DEBUG 27228 --- [http-nio-8082-exec-4] e.f.m.mapper.CouponMapper.selectById     : ==> Parameters: 1(Long)
2026-01-09 00:04:00.333 DEBUG 27228 --- [http-nio-8082-exec-4] e.f.m.mapper.CouponMapper.selectById     : <==      Total: 1
2026-01-09 00:04:00.335 DEBUG 27228 --- [http-nio-8082-exec-4] e.f.m.mapper.CouponMapper.selectById     : ==>  Preparing: SELECT id,name,description,type,value,min_amount,start_time,end_time,total_quantity,remaining_quantity,status,shop_id FROM coupon WHERE id=?
2026-01-09 00:04:00.336 DEBUG 27228 --- [http-nio-8082-exec-4] e.f.m.mapper.CouponMapper.selectById     : ==> Parameters: 1(Long)
2026-01-09 00:04:00.338 DEBUG 27228 --- [http-nio-8082-exec-4] e.f.m.mapper.CouponMapper.selectById     : <==      Total: 1
2026-01-09 00:04:00.340 DEBUG 27228 --- [http-nio-8082-exec-4] e.f.m.mapper.CouponMapper.selectById     : ==>  Preparing: SELECT id,name,description,type,value,min_amount,start_time,end_time,total_quantity,remaining_quantity,status,shop_id FROM coupon WHERE id=?
2026-01-09 00:04:00.341 DEBUG 27228 --- [http-nio-8082-exec-4] e.f.m.mapper.CouponMapper.selectById     : ==> Parameters: 1(Long)
2026-01-09 00:04:00.343 DEBUG 27228 --- [http-nio-8082-exec-4] e.f.m.mapper.CouponMapper.selectById     : <==      Total: 1
2026-01-09 00:04:06.058 DEBUG 27228 --- [http-nio-8082-exec-8] e.f.m.mapper.ShopMapper.selectList       : ==>  Preparing: SELECT id,user_id,shop_name,shop_logo,shop_desc,contact_phone,status,audit_remark,create_time,update_time FROM shop ORDER BY id ASC
2026-01-09 00:04:06.060 DEBUG 27228 --- [http-nio-8082-exec-8] e.f.m.mapper.ShopMapper.selectList       : ==> Parameters: 
2026-01-09 00:04:06.068 DEBUG 27228 --- [http-nio-8082-exec-8] e.f.m.mapper.ShopMapper.selectList       : <==      Total: 3
2026-01-09 00:04:08.086  INFO 27228 --- [http-nio-8082-exec-7] edu.fdzc.malluser.service.CartService    : 获取用户 4 的购物车列表
2026-01-09 00:04:08.091 DEBUG 27228 --- [http-nio-8082-exec-7] e.f.m.mapper.CartMapper.selectList       : ==>  Preparing: SELECT id,user_id,product_id,product_name,price,num FROM cart WHERE (user_id = ?)
2026-01-09 00:04:08.091 DEBUG 27228 --- [http-nio-8082-exec-7] e.f.m.mapper.CartMapper.selectList       : ==> Parameters: 4(Long)
2026-01-09 00:04:08.094 DEBUG 27228 --- [http-nio-8082-exec-7] e.f.m.mapper.CartMapper.selectList       : <==      Total: 3
2026-01-09 00:04:08.094  INFO 27228 --- [http-nio-8082-exec-7] edu.fdzc.malluser.service.CartService    : 获取到购物车列表：[Cart(id=2008851838402617345, userId=4, productId=4, productName=测试商品1, price=99.99, num=1), Cart(id=2008915549804855297, userId=4, productId=1, productName=小米14, price=4999.00, num=1), Cart(id=2009223795438579714, userId=4, productId=2, productName=华为Mate60, price=5999.00, num=1)]
2026-01-09 00:04:12.084  INFO 27228 --- [http-nio-8082-exec-6] e.f.malluser.controller.CartController   : 接收到删除购物车请求，id: 2008851838402617300
2026-01-09 00:04:12.084  INFO 27228 --- [http-nio-8082-exec-6] edu.fdzc.malluser.service.CartService    : 开始删除购物车项，id: 2008851838402617300
2026-01-09 00:04:12.084  INFO 27228 --- [http-nio-8082-exec-6] edu.fdzc.malluser.service.CartService    : id的类型: java.lang.Long
2026-01-09 00:04:12.086 DEBUG 27228 --- [http-nio-8082-exec-6] e.f.m.mapper.CartMapper.deleteById       : ==>  Preparing: DELETE FROM cart WHERE id=?
2026-01-09 00:04:12.086 DEBUG 27228 --- [http-nio-8082-exec-6] e.f.m.mapper.CartMapper.deleteById       : ==> Parameters: 2008851838402617300(Long)
2026-01-09 00:04:12.089 DEBUG 27228 --- [http-nio-8082-exec-6] e.f.m.mapper.CartMapper.deleteById       : <==    Updates: 0
2026-01-09 00:04:12.089  INFO 27228 --- [http-nio-8082-exec-6] edu.fdzc.malluser.service.CartService    : 删除购物车操作结果，影响行数: 0
2026-01-09 00:04:13.110  INFO 27228 --- [http-nio-8082-exec-9] e.f.malluser.controller.CartController   : 接收到删除购物车请求，id: 2008915549804855300
2026-01-09 00:04:13.110  INFO 27228 --- [http-nio-8082-exec-9] edu.fdzc.malluser.service.CartService    : 开始删除购物车项，id: 2008915549804855300
2026-01-09 00:04:13.111  INFO 27228 --- [http-nio-8082-exec-9] edu.fdzc.malluser.service.CartService    : id的类型: java.lang.Long
2026-01-09 00:04:13.111 DEBUG 27228 --- [http-nio-8082-exec-9] e.f.m.mapper.CartMapper.deleteById       : ==>  Preparing: DELETE FROM cart WHERE id=?
2026-01-09 00:04:13.111 DEBUG 27228 --- [http-nio-8082-exec-9] e.f.m.mapper.CartMapper.deleteById       : ==> Parameters: 2008915549804855300(Long)
2026-01-09 00:04:13.113 DEBUG 27228 --- [http-nio-8082-exec-9] e.f.m.mapper.CartMapper.deleteById       : <==    Updates: 0
2026-01-09 00:04:13.114  INFO 27228 --- [http-nio-8082-exec-9] edu.fdzc.malluser.service.CartService    : 删除购物车操作结果，影响行数: 0
2026-01-09 00:04:13.485  INFO 27228 --- [http-nio-8082-exec-10] e.f.malluser.controller.CartController   : 接收到删除购物车请求，id: 2009223795438579700
2026-01-09 00:04:13.485  INFO 27228 --- [http-nio-8082-exec-10] edu.fdzc.malluser.service.CartService    : 开始删除购物车项，id: 2009223795438579700
2026-01-09 00:04:13.486  INFO 27228 --- [http-nio-8082-exec-10] edu.fdzc.malluser.service.CartService    : id的类型: java.lang.Long
2026-01-09 00:04:13.486 DEBUG 27228 --- [http-nio-8082-exec-10] e.f.m.mapper.CartMapper.deleteById       : ==>  Preparing: DELETE FROM cart WHERE id=?
2026-01-09 00:04:13.486 DEBUG 27228 --- [http-nio-8082-exec-10] e.f.m.mapper.CartMapper.deleteById       : ==> Parameters: 2009223795438579700(Long)
2026-01-09 00:04:13.486 DEBUG 27228 --- [http-nio-8082-exec-10] e.f.m.mapper.CartMapper.deleteById       : <==    Updates: 0
2026-01-09 00:04:13.488  INFO 27228 --- [http-nio-8082-exec-10] edu.fdzc.malluser.service.CartService    : 删除购物车操作结果，影响行数: 0
2026-01-09 00:04:20.777  INFO 27228 --- [http-nio-8082-exec-2] e.f.malluser.controller.CartController   : 接收到删除购物车请求，id: 2008851838402617300
2026-01-09 00:04:20.777  INFO 27228 --- [http-nio-8082-exec-2] edu.fdzc.malluser.service.CartService    : 开始删除购物车项，id: 2008851838402617300
2026-01-09 00:04:20.777  INFO 27228 --- [http-nio-8082-exec-2] edu.fdzc.malluser.service.CartService    : id的类型: java.lang.Long
2026-01-09 00:04:20.779 DEBUG 27228 --- [http-nio-8082-exec-2] e.f.m.mapper.CartMapper.deleteById       : ==>  Preparing: DELETE FROM cart WHERE id=?
2026-01-09 00:04:20.780 DEBUG 27228 --- [http-nio-8082-exec-2] e.f.m.mapper.CartMapper.deleteById       : ==> Parameters: 2008851838402617300(Long)
2026-01-09 00:04:20.782 DEBUG 27228 --- [http-nio-8082-exec-2] e.f.m.mapper.CartMapper.deleteById       : <==    Updates: 0
2026-01-09 00:04:20.783  INFO 27228 --- [http-nio-8082-exec-2] edu.fdzc.malluser.service.CartService    : 删除购物车操作结果，影响行数: 0
2026-01-09 00:04:22.678  INFO 27228 --- [http-nio-8082-exec-1] e.f.malluser.controller.CartController   : 接收到删除购物车请求，id: 2008851838402617300
2026-01-09 00:04:22.678  INFO 27228 --- [http-nio-8082-exec-1] edu.fdzc.malluser.service.CartService    : 开始删除购物车项，id: 2008851838402617300
2026-01-09 00:04:22.678  INFO 27228 --- [http-nio-8082-exec-1] edu.fdzc.malluser.service.CartService    : id的类型: java.lang.Long
2026-01-09 00:04:22.680 DEBUG 27228 --- [http-nio-8082-exec-1] e.f.m.mapper.CartMapper.deleteById       : ==>  Preparing: DELETE FROM cart WHERE id=?
2026-01-09 00:04:22.680 DEBUG 27228 --- [http-nio-8082-exec-1] e.f.m.mapper.CartMapper.deleteById       : ==> Parameters: 2008851838402617300(Long)
2026-01-09 00:04:22.681 DEBUG 27228 --- [http-nio-8082-exec-1] e.f.m.mapper.CartMapper.deleteById       : <==    Updates: 0
2026-01-09 00:04:22.683  INFO 27228 --- [http-nio-8082-exec-1] edu.fdzc.malluser.service.CartService    : 删除购物车操作结果，影响行数: 0
2026-01-09 00:04:26.617  INFO 27228 --- [http-nio-8082-exec-3] e.f.malluser.controller.CartController   : 接收到删除购物车请求，id: 2008851838402617300
2026-01-09 00:04:26.617  INFO 27228 --- [http-nio-8082-exec-3] edu.fdzc.malluser.service.CartService    : 开始删除购物车项，id: 2008851838402617300
2026-01-09 00:04:26.617  INFO 27228 --- [http-nio-8082-exec-3] edu.fdzc.malluser.service.CartService    : id的类型: java.lang.Long
2026-01-09 00:04:26.619 DEBUG 27228 --- [http-nio-8082-exec-3] e.f.m.mapper.CartMapper.deleteById       : ==>  Preparing: DELETE FROM cart WHERE id=?
2026-01-09 00:04:26.619 DEBUG 27228 --- [http-nio-8082-exec-3] e.f.m.mapper.CartMapper.deleteById       : ==> Parameters: 2008851838402617300(Long)
2026-01-09 00:04:26.620 DEBUG 27228 --- [http-nio-8082-exec-3] e.f.m.mapper.CartMapper.deleteById       : <==    Updates: 0
2026-01-09 00:04:26.622  INFO 27228 --- [http-nio-8082-exec-3] edu.fdzc.malluser.service.CartService    : 删除购物车操作结果，影响行数: 0
2026-01-09 00:04:52.511  INFO 27228 --- [http-nio-8082-exec-5] e.f.malluser.controller.CartController   : 接收到删除购物车请求，id: 2008851838402617300
2026-01-09 00:04:52.511  INFO 27228 --- [http-nio-8082-exec-5] edu.fdzc.malluser.service.CartService    : 开始删除购物车项，id: 2008851838402617300
2026-01-09 00:04:52.512  INFO 27228 --- [http-nio-8082-exec-5] edu.fdzc.malluser.service.CartService    : id的类型: java.lang.Long
2026-01-09 00:04:52.513 DEBUG 27228 --- [http-nio-8082-exec-5] e.f.m.mapper.CartMapper.deleteById       : ==>  Preparing: DELETE FROM cart WHERE id=?
2026-01-09 00:04:52.514 DEBUG 27228 --- [http-nio-8082-exec-5] e.f.m.mapper.CartMapper.deleteById       : ==> Parameters: 2008851838402617300(Long)
2026-01-09 00:04:52.516 DEBUG 27228 --- [http-nio-8082-exec-5] e.f.m.mapper.CartMapper.deleteById       : <==    Updates: 0
2026-01-09 00:04:52.517  INFO 27228 --- [http-nio-8082-exec-5] edu.fdzc.malluser.service.CartService    : 删除购物车操作结果，影响行数: 0
2026-01-09 00:11:16.107  INFO 27228 --- [http-nio-8082-exec-4] e.f.malluser.controller.CartController   : 接收到删除购物车请求，id: 1
2026-01-09 00:11:16.110  INFO 27228 --- [http-nio-8082-exec-4] edu.fdzc.malluser.service.CartService    : 开始删除购物车项，id: 1
2026-01-09 00:11:16.110  INFO 27228 --- [http-nio-8082-exec-4] edu.fdzc.malluser.service.CartService    : id的类型: java.lang.Long
2026-01-09 00:11:16.118 DEBUG 27228 --- [http-nio-8082-exec-4] e.f.m.mapper.CartMapper.deleteById       : ==>  Preparing: DELETE FROM cart WHERE id=?
2026-01-09 00:11:16.120 DEBUG 27228 --- [http-nio-8082-exec-4] e.f.m.mapper.CartMapper.deleteById       : ==> Parameters: 1(Long)
2026-01-09 00:11:16.125 DEBUG 27228 --- [http-nio-8082-exec-4] e.f.m.mapper.CartMapper.deleteById       : <==    Updates: 0
2026-01-09 00:11:16.125  INFO 27228 --- [http-nio-8082-exec-4] edu.fdzc.malluser.service.CartService    : 删除购物车操作结果，影响行数: 0
2026-01-09 00:11:21.752  INFO 27228 --- [http-nio-8082-exec-8] e.f.malluser.controller.CartController   : 接收到删除购物车请求，id: 2008851838402617300
2026-01-09 00:11:21.754  INFO 27228 --- [http-nio-8082-exec-8] edu.fdzc.malluser.service.CartService    : 开始删除购物车项，id: 2008851838402617300
2026-01-09 00:11:21.754  INFO 27228 --- [http-nio-8082-exec-8] edu.fdzc.malluser.service.CartService    : id的类型: java.lang.Long
2026-01-09 00:11:21.757 DEBUG 27228 --- [http-nio-8082-exec-8] e.f.m.mapper.CartMapper.deleteById       : ==>  Preparing: DELETE FROM cart WHERE id=?
2026-01-09 00:11:21.759 DEBUG 27228 --- [http-nio-8082-exec-8] e.f.m.mapper.CartMapper.deleteById       : ==> Parameters: 2008851838402617300(Long)
2026-01-09 00:11:21.760 DEBUG 27228 --- [http-nio-8082-exec-8] e.f.m.mapper.CartMapper.deleteById       : <==    Updates: 0
2026-01-09 00:11:21.762  INFO 27228 --- [http-nio-8082-exec-8] edu.fdzc.malluser.service.CartService    : 删除购物车操作结果，影响行数: 0
2026-01-09 00:11:37.442  INFO 27228 --- [http-nio-8082-exec-7] edu.fdzc.malluser.service.CartService    : 获取用户 4 的购物车列表
2026-01-09 00:11:37.459 DEBUG 27228 --- [http-nio-8082-exec-7] e.f.m.mapper.CartMapper.selectList       : ==>  Preparing: SELECT id,user_id,product_id,product_name,price,num FROM cart WHERE (user_id = ?)
2026-01-09 00:11:37.459 DEBUG 27228 --- [http-nio-8082-exec-7] e.f.m.mapper.CartMapper.selectList       : ==> Parameters: 4(Long)
2026-01-09 00:11:37.470 DEBUG 27228 --- [http-nio-8082-exec-7] e.f.m.mapper.CartMapper.selectList       : <==      Total: 3
2026-01-09 00:11:37.470  INFO 27228 --- [http-nio-8082-exec-7] edu.fdzc.malluser.service.CartService    : 获取到购物车列表：[Cart(id=2008851838402617345, userId=4, productId=4, productName=测试商品1, price=99.99, num=1), Cart(id=2008915549804855297, userId=4, productId=1, productName=小米14, price=4999.00, num=1), Cart(id=2009223795438579714, userId=4, productId=2, productName=华为Mate60, price=5999.00, num=1)]
2026-01-09 00:11:56.596  INFO 27228 --- [http-nio-8082-exec-6] edu.fdzc.malluser.service.CartService    : 获取用户 4 的购物车列表
2026-01-09 00:11:56.601 DEBUG 27228 --- [http-nio-8082-exec-6] e.f.m.mapper.CartMapper.selectList       : ==>  Preparing: SELECT id,user_id,product_id,product_name,price,num FROM cart WHERE (user_id = ?)
2026-01-09 00:11:56.602 DEBUG 27228 --- [http-nio-8082-exec-6] e.f.m.mapper.CartMapper.selectList       : ==> Parameters: 4(Long)
2026-01-09 00:11:56.623 DEBUG 27228 --- [http-nio-8082-exec-6] e.f.m.mapper.CartMapper.selectList       : <==      Total: 3
2026-01-09 00:11:56.627  INFO 27228 --- [http-nio-8082-exec-6] edu.fdzc.malluser.service.CartService    : 获取到购物车列表：[Cart(id=2008851838402617345, userId=4, productId=4, productName=测试商品1, price=99.99, num=1), Cart(id=2008915549804855297, userId=4, productId=1, productName=小米14, price=4999.00, num=1), Cart(id=2009223795438579714, userId=4, productId=2, productName=华为Mate60, price=5999.00, num=1)]
2026-01-09 00:12:55.464  INFO 27228 --- [http-nio-8082-exec-10] e.f.malluser.controller.CartController   : 接收到删除购物车请求，id: 2008851838402617300
2026-01-09 00:12:55.466  INFO 27228 --- [http-nio-8082-exec-10] edu.fdzc.malluser.service.CartService    : 开始删除购物车项，id: 2008851838402617300
2026-01-09 00:12:55.466  INFO 27228 --- [http-nio-8082-exec-10] edu.fdzc.malluser.service.CartService    : id的类型: java.lang.Long
2026-01-09 00:12:55.467 DEBUG 27228 --- [http-nio-8082-exec-10] e.f.m.mapper.CartMapper.deleteById       : ==>  Preparing: DELETE FROM cart WHERE id=?
2026-01-09 00:12:55.468 DEBUG 27228 --- [http-nio-8082-exec-10] e.f.m.mapper.CartMapper.deleteById       : ==> Parameters: 2008851838402617300(Long)
2026-01-09 00:12:55.470 DEBUG 27228 --- [http-nio-8082-exec-10] e.f.m.mapper.CartMapper.deleteById       : <==    Updates: 0
2026-01-09 00:12:55.470  INFO 27228 --- [http-nio-8082-exec-10] edu.fdzc.malluser.service.CartService    : 删除购物车操作结果，影响行数: 0
2026-01-09 00:12:56.669  INFO 27228 --- [http-nio-8082-exec-2] e.f.malluser.controller.CartController   : 接收到删除购物车请求，id: 2008851838402617300
2026-01-09 00:12:56.669  INFO 27228 --- [http-nio-8082-exec-2] edu.fdzc.malluser.service.CartService    : 开始删除购物车项，id: 2008851838402617300
2026-01-09 00:12:56.669  INFO 27228 --- [http-nio-8082-exec-2] edu.fdzc.malluser.service.CartService    : id的类型: java.lang.Long
2026-01-09 00:12:56.673 DEBUG 27228 --- [http-nio-8082-exec-2] e.f.m.mapper.CartMapper.deleteById       : ==>  Preparing: DELETE FROM cart WHERE id=?
2026-01-09 00:12:56.674 DEBUG 27228 --- [http-nio-8082-exec-2] e.f.m.mapper.CartMapper.deleteById       : ==> Parameters: 2008851838402617300(Long)
2026-01-09 00:12:56.676 DEBUG 27228 --- [http-nio-8082-exec-2] e.f.m.mapper.CartMapper.deleteById       : <==    Updates: 0
2026-01-09 00:12:56.676  INFO 27228 --- [http-nio-8082-exec-2] edu.fdzc.malluser.service.CartService    : 删除购物车操作结果，影响行数: 0
2026-01-09 00:12:59.512  INFO 27228 --- [http-nio-8082-exec-1] edu.fdzc.malluser.service.CartService    : 获取用户 4 的购物车列表
2026-01-09 00:12:59.517 DEBUG 27228 --- [http-nio-8082-exec-1] e.f.m.mapper.CartMapper.selectList       : ==>  Preparing: SELECT id,user_id,product_id,product_name,price,num FROM cart WHERE (user_id = ?)
2026-01-09 00:12:59.518 DEBUG 27228 --- [http-nio-8082-exec-1] e.f.m.mapper.CartMapper.selectList       : ==> Parameters: 4(Long)
2026-01-09 00:12:59.520 DEBUG 27228 --- [http-nio-8082-exec-1] e.f.m.mapper.CartMapper.selectList       : <==      Total: 3
2026-01-09 00:12:59.522  INFO 27228 --- [http-nio-8082-exec-1] edu.fdzc.malluser.service.CartService    : 获取到购物车列表：[Cart(id=2008851838402617345, userId=4, productId=4, productName=测试商品1, price=99.99, num=1), Cart(id=2008915549804855297, userId=4, productId=1, productName=小米14, price=4999.00, num=1), Cart(id=2009223795438579714, userId=4, productId=2, productName=华为Mate60, price=5999.00, num=1)]
2026-01-09 00:13:01.540  INFO 27228 --- [http-nio-8082-exec-3] e.f.malluser.controller.CartController   : 接收到删除购物车请求，id: 2009223795438579700
2026-01-09 00:13:01.540  INFO 27228 --- [http-nio-8082-exec-3] edu.fdzc.malluser.service.CartService    : 开始删除购物车项，id: 2009223795438579700
2026-01-09 00:13:01.540  INFO 27228 --- [http-nio-8082-exec-3] edu.fdzc.malluser.service.CartService    : id的类型: java.lang.Long
2026-01-09 00:13:01.542 DEBUG 27228 --- [http-nio-8082-exec-3] e.f.m.mapper.CartMapper.deleteById       : ==>  Preparing: DELETE FROM cart WHERE id=?
2026-01-09 00:13:01.542 DEBUG 27228 --- [http-nio-8082-exec-3] e.f.m.mapper.CartMapper.deleteById       : ==> Parameters: 2009223795438579700(Long)
2026-01-09 00:13:01.544 DEBUG 27228 --- [http-nio-8082-exec-3] e.f.m.mapper.CartMapper.deleteById       : <==    Updates: 0
2026-01-09 00:13:01.544  INFO 27228 --- [http-nio-8082-exec-3] edu.fdzc.malluser.service.CartService    : 删除购物车操作结果，影响行数: 0
2026-01-09 00:13:05.059  INFO 27228 --- [http-nio-8082-exec-5] edu.fdzc.malluser.service.CartService    : 获取用户 4 的购物车列表
2026-01-09 00:13:05.062 DEBUG 27228 --- [http-nio-8082-exec-5] e.f.m.mapper.CartMapper.selectList       : ==>  Preparing: SELECT id,user_id,product_id,product_name,price,num FROM cart WHERE (user_id = ?)
2026-01-09 00:13:05.062 DEBUG 27228 --- [http-nio-8082-exec-5] e.f.m.mapper.CartMapper.selectList       : ==> Parameters: 4(Long)
2026-01-09 00:13:05.065 DEBUG 27228 --- [http-nio-8082-exec-5] e.f.m.mapper.CartMapper.selectList       : <==      Total: 3
2026-01-09 00:13:05.065  INFO 27228 --- [http-nio-8082-exec-5] edu.fdzc.malluser.service.CartService    : 获取到购物车列表：[Cart(id=2008851838402617345, userId=4, productId=4, productName=测试商品1, price=99.99, num=1), Cart(id=2008915549804855297, userId=4, productId=1, productName=小米14, price=4999.00, num=1), Cart(id=2009223795438579714, userId=4, productId=2, productName=华为Mate60, price=5999.00, num=1)]
2026-01-09 00:14:59.375  INFO 27228 --- [http-nio-8082-exec-4] edu.fdzc.malluser.service.CartService    : 获取用户 4 的购物车列表
2026-01-09 00:14:59.381 DEBUG 27228 --- [http-nio-8082-exec-4] e.f.m.mapper.CartMapper.selectList       : ==>  Preparing: SELECT id,user_id,product_id,product_name,price,num FROM cart WHERE (user_id = ?)
2026-01-09 00:14:59.382 DEBUG 27228 --- [http-nio-8082-exec-4] e.f.m.mapper.CartMapper.selectList       : ==> Parameters: 4(Long)
2026-01-09 00:14:59.396 DEBUG 27228 --- [http-nio-8082-exec-4] e.f.m.mapper.CartMapper.selectList       : <==      Total: 3
2026-01-09 00:14:59.396  INFO 27228 --- [http-nio-8082-exec-4] edu.fdzc.malluser.service.CartService    : 获取到购物车列表：[Cart(id=2008851838402617345, userId=4, productId=4, productName=测试商品1, price=99.99, num=1), Cart(id=2008915549804855297, userId=4, productId=1, productName=小米14, price=4999.00, num=1), Cart(id=2009223795438579714, userId=4, productId=2, productName=华为Mate60, price=5999.00, num=1)]
2026-01-09 00:15:38.335  INFO 8864 --- [main] edu.fdzc.malluser.MallUserApplication    : Starting MallUserApplication using Java 1.8.0_141 on LAPTOP-NR99NVIU with PID 8864 (C:\Users\25173\Desktop\E-commerce-Platform\mall-user\target\classes started by 25173 in C:\Users\25173\Desktop\E-commerce-Platform\mall-user)
2026-01-09 00:15:38.338 DEBUG 8864 --- [main] edu.fdzc.malluser.MallUserApplication    : Running with Spring Boot v2.7.6, Spring v5.3.24
2026-01-09 00:15:38.340  INFO 8864 --- [main] edu.fdzc.malluser.MallUserApplication    : No active profile set, falling back to 1 default profile: "default"
2026-01-09 00:15:39.304  INFO 8864 --- [main] o.s.cloud.context.scope.GenericScope     : BeanFactory id=2a2013e9-8359-3d87-a243-78a03f7715a9
2026-01-09 00:15:40.575  INFO 8864 --- [main] o.s.b.w.embedded.tomcat.TomcatWebServer  : Tomcat initialized with port(s): 8082 (http)
2026-01-09 00:15:40.586  INFO 8864 --- [main] o.apache.catalina.core.StandardService   : Starting service [Tomcat]
2026-01-09 00:15:40.586  INFO 8864 --- [main] org.apache.catalina.core.StandardEngine  : Starting Servlet engine: [Apache Tomcat/9.0.69]
2026-01-09 00:15:40.722  INFO 8864 --- [main] o.a.c.c.C.[Tomcat].[localhost].[/]       : Initializing Spring embedded WebApplicationContext
2026-01-09 00:15:40.724  INFO 8864 --- [main] w.s.c.ServletWebServerApplicationContext : Root WebApplicationContext: initialization completed in 2329 ms
2026-01-09 00:15:42.966  INFO 8864 --- [main] o.s.c.openfeign.FeignClientFactoryBean   : For 'mall-product-service' URL not provided. Will try picking an instance via load-balancing.
2026-01-09 00:15:46.146  INFO 8864 --- [main] o.s.cloud.commons.util.InetUtils         : Cannot determine local hostname
2026-01-09 00:15:46.187  WARN 8864 --- [main] iguration$LoadBalancerCaffeineWarnLogger : Spring Cloud LoadBalancer is currently working with the default cache. While this cache implementation is useful for development and tests, it's recommended to use Caffeine cache in production.You can switch to using Caffeine cache, by adding it and org.springframework.cache.caffeine.CaffeineCacheManager to the classpath.
2026-01-09 00:15:46.210  WARN 8864 --- [main] ConfigServletWebServerApplicationContext : Exception encountered during context initialization - cancelling refresh attempt: org.springframework.context.ApplicationContextException: Failed to start bean 'webServerStartStop'; nested exception is org.springframework.boot.web.server.PortInUseException: Port 8082 is already in use
2026-01-09 00:15:46.215  INFO 8864 --- [main] o.apache.catalina.core.StandardService   : Stopping service [Tomcat]
2026-01-09 00:15:46.230  INFO 8864 --- [main] ConditionEvaluationReportLoggingListener : 

Error starting ApplicationContext. To display the conditions report re-run your application with 'debug' enabled.
2026-01-09 00:15:46.257 ERROR 8864 --- [main] o.s.b.d.LoggingFailureAnalysisReporter   : 

***************************
APPLICATION FAILED TO START
***************************

Description:

Web server failed to start. Port 8082 was already in use.

Action:

Identify and stop the process that's listening on port 8082 or configure this application to listen on another port.

2026-01-09 00:15:58.526  INFO 38340 --- [main] edu.fdzc.malluser.MallUserApplication    : Starting MallUserApplication using Java 1.8.0_141 on LAPTOP-NR99NVIU with PID 38340 (C:\Users\25173\Desktop\E-commerce-Platform\mall-user\target\classes started by 25173 in C:\Users\25173\Desktop\E-commerce-Platform\mall-user)
2026-01-09 00:15:58.528 DEBUG 38340 --- [main] edu.fdzc.malluser.MallUserApplication    : Running with Spring Boot v2.7.6, Spring v5.3.24
2026-01-09 00:15:58.530  INFO 38340 --- [main] edu.fdzc.malluser.MallUserApplication    : No active profile set, falling back to 1 default profile: "default"
2026-01-09 00:15:59.501  INFO 38340 --- [main] o.s.cloud.context.scope.GenericScope     : BeanFactory id=2a2013e9-8359-3d87-a243-78a03f7715a9
2026-01-09 00:16:00.888  INFO 38340 --- [main] o.s.b.w.embedded.tomcat.TomcatWebServer  : Tomcat initialized with port(s): 8082 (http)
2026-01-09 00:16:00.901  INFO 38340 --- [main] o.apache.catalina.core.StandardService   : Starting service [Tomcat]
2026-01-09 00:16:00.902  INFO 38340 --- [main] org.apache.catalina.core.StandardEngine  : Starting Servlet engine: [Apache Tomcat/9.0.69]
2026-01-09 00:16:01.079  INFO 38340 --- [main] o.a.c.c.C.[Tomcat].[localhost].[/]       : Initializing Spring embedded WebApplicationContext
2026-01-09 00:16:01.080  INFO 38340 --- [main] w.s.c.ServletWebServerApplicationContext : Root WebApplicationContext: initialization completed in 2502 ms
2026-01-09 00:16:03.678  INFO 38340 --- [main] o.s.c.openfeign.FeignClientFactoryBean   : For 'mall-product-service' URL not provided. Will try picking an instance via load-balancing.
2026-01-09 00:16:06.984  INFO 38340 --- [main] o.s.cloud.commons.util.InetUtils         : Cannot determine local hostname
2026-01-09 00:16:07.025  WARN 38340 --- [main] iguration$LoadBalancerCaffeineWarnLogger : Spring Cloud LoadBalancer is currently working with the default cache. While this cache implementation is useful for development and tests, it's recommended to use Caffeine cache in production.You can switch to using Caffeine cache, by adding it and org.springframework.cache.caffeine.CaffeineCacheManager to the classpath.
2026-01-09 00:16:07.059  WARN 38340 --- [main] ConfigServletWebServerApplicationContext : Exception encountered during context initialization - cancelling refresh attempt: org.springframework.context.ApplicationContextException: Failed to start bean 'webServerStartStop'; nested exception is org.springframework.boot.web.server.PortInUseException: Port 8082 is already in use
2026-01-09 00:16:07.063  INFO 38340 --- [main] o.apache.catalina.core.StandardService   : Stopping service [Tomcat]
2026-01-09 00:16:07.079  INFO 38340 --- [main] ConditionEvaluationReportLoggingListener : 

Error starting ApplicationContext. To display the conditions report re-run your application with 'debug' enabled.
2026-01-09 00:16:07.102 ERROR 38340 --- [main] o.s.b.d.LoggingFailureAnalysisReporter   : 

***************************
APPLICATION FAILED TO START
***************************

Description:

Web server failed to start. Port 8082 was already in use.

Action:

Identify and stop the process that's listening on port 8082 or configure this application to listen on another port.

2026-01-09 00:16:35.555  INFO 35664 --- [main] edu.fdzc.malluser.MallUserApplication    : Starting MallUserApplication using Java 1.8.0_141 on LAPTOP-NR99NVIU with PID 35664 (C:\Users\25173\Desktop\E-commerce-Platform\mall-user\target\classes started by 25173 in C:\Users\25173\Desktop\E-commerce-Platform\mall-user)
2026-01-09 00:16:35.558 DEBUG 35664 --- [main] edu.fdzc.malluser.MallUserApplication    : Running with Spring Boot v2.7.6, Spring v5.3.24
2026-01-09 00:16:35.559  INFO 35664 --- [main] edu.fdzc.malluser.MallUserApplication    : No active profile set, falling back to 1 default profile: "default"
2026-01-09 00:16:36.611  INFO 35664 --- [main] o.s.cloud.context.scope.GenericScope     : BeanFactory id=2a2013e9-8359-3d87-a243-78a03f7715a9
2026-01-09 00:16:37.879  INFO 35664 --- [main] o.s.b.w.embedded.tomcat.TomcatWebServer  : Tomcat initialized with port(s): 8082 (http)
2026-01-09 00:16:37.894  INFO 35664 --- [main] o.apache.catalina.core.StandardService   : Starting service [Tomcat]
2026-01-09 00:16:37.895  INFO 35664 --- [main] org.apache.catalina.core.StandardEngine  : Starting Servlet engine: [Apache Tomcat/9.0.69]
2026-01-09 00:16:38.076  INFO 35664 --- [main] o.a.c.c.C.[Tomcat].[localhost].[/]       : Initializing Spring embedded WebApplicationContext
2026-01-09 00:16:38.077  INFO 35664 --- [main] w.s.c.ServletWebServerApplicationContext : Root WebApplicationContext: initialization completed in 2460 ms
2026-01-09 00:16:40.713  INFO 35664 --- [main] o.s.c.openfeign.FeignClientFactoryBean   : For 'mall-product-service' URL not provided. Will try picking an instance via load-balancing.
2026-01-09 00:16:43.997  INFO 35664 --- [main] o.s.cloud.commons.util.InetUtils         : Cannot determine local hostname
2026-01-09 00:16:44.043  WARN 35664 --- [main] iguration$LoadBalancerCaffeineWarnLogger : Spring Cloud LoadBalancer is currently working with the default cache. While this cache implementation is useful for development and tests, it's recommended to use Caffeine cache in production.You can switch to using Caffeine cache, by adding it and org.springframework.cache.caffeine.CaffeineCacheManager to the classpath.
2026-01-09 00:16:44.078  WARN 35664 --- [main] ConfigServletWebServerApplicationContext : Exception encountered during context initialization - cancelling refresh attempt: org.springframework.context.ApplicationContextException: Failed to start bean 'webServerStartStop'; nested exception is org.springframework.boot.web.server.PortInUseException: Port 8082 is already in use
2026-01-09 00:16:44.083  INFO 35664 --- [main] o.apache.catalina.core.StandardService   : Stopping service [Tomcat]
2026-01-09 00:16:44.101  INFO 35664 --- [main] ConditionEvaluationReportLoggingListener : 

Error starting ApplicationContext. To display the conditions report re-run your application with 'debug' enabled.
2026-01-09 00:16:44.132 ERROR 35664 --- [main] o.s.b.d.LoggingFailureAnalysisReporter   : 

***************************
APPLICATION FAILED TO START
***************************

Description:

Web server failed to start. Port 8082 was already in use.

Action:

Identify and stop the process that's listening on port 8082 or configure this application to listen on another port.

2026-01-09 00:17:06.175  INFO 27228 --- [http-nio-8082-exec-8] edu.fdzc.malluser.service.CartService    : 获取用户 2 的购物车列表
2026-01-09 00:17:06.180 DEBUG 27228 --- [http-nio-8082-exec-8] e.f.m.mapper.CartMapper.selectList       : ==>  Preparing: SELECT id,user_id,product_id,product_name,price,num FROM cart WHERE (user_id = ?)
2026-01-09 00:17:06.181 DEBUG 27228 --- [http-nio-8082-exec-8] e.f.m.mapper.CartMapper.selectList       : ==> Parameters: 2(Long)
2026-01-09 00:17:06.186 DEBUG 27228 --- [http-nio-8082-exec-8] e.f.m.mapper.CartMapper.selectList       : <==      Total: 0
2026-01-09 00:17:06.188  INFO 27228 --- [http-nio-8082-exec-8] edu.fdzc.malluser.service.CartService    : 获取到购物车列表：[]
2026-01-09 00:17:13.161  INFO 27228 --- [http-nio-8082-exec-7] edu.fdzc.malluser.service.CartService    : 添加购物车：Cart(id=null, userId=2, productId=1, productName=????, price=100, num=1)
2026-01-09 00:17:13.195 DEBUG 27228 --- [http-nio-8082-exec-7] e.f.malluser.mapper.CartMapper.insert    : ==>  Preparing: INSERT INTO cart ( id, user_id, product_id, product_name, price, num ) VALUES ( ?, ?, ?, ?, ?, ? )
2026-01-09 00:17:13.203 DEBUG 27228 --- [http-nio-8082-exec-7] e.f.malluser.mapper.CartMapper.insert    : ==> Parameters: 2009298353902379010(Long), 2(Long), 1(Long), ????(String), 100(BigDecimal), 1(Integer)
2026-01-09 00:17:13.213 DEBUG 27228 --- [http-nio-8082-exec-7] e.f.malluser.mapper.CartMapper.insert    : <==    Updates: 1
2026-01-09 00:17:13.215  INFO 27228 --- [http-nio-8082-exec-7] edu.fdzc.malluser.service.CartService    : 添加购物车结果：true
2026-01-09 00:17:21.088  INFO 27228 --- [http-nio-8082-exec-6] edu.fdzc.malluser.service.CartService    : 获取用户 2 的购物车列表
2026-01-09 00:17:21.093 DEBUG 27228 --- [http-nio-8082-exec-6] e.f.m.mapper.CartMapper.selectList       : ==>  Preparing: SELECT id,user_id,product_id,product_name,price,num FROM cart WHERE (user_id = ?)
2026-01-09 00:17:21.094 DEBUG 27228 --- [http-nio-8082-exec-6] e.f.m.mapper.CartMapper.selectList       : ==> Parameters: 2(Long)
2026-01-09 00:17:21.095 DEBUG 27228 --- [http-nio-8082-exec-6] e.f.m.mapper.CartMapper.selectList       : <==      Total: 1
2026-01-09 00:17:21.097  INFO 27228 --- [http-nio-8082-exec-6] edu.fdzc.malluser.service.CartService    : 获取到购物车列表：[Cart(id=2009298353902379010, userId=2, productId=1, productName=????, price=100.00, num=1)]
2026-01-09 00:23:14.195  INFO 27228 --- [http-nio-8082-exec-10] e.f.malluser.controller.CartController   : 接收到删除购物车请求，id: 2009298353902379010
2026-01-09 00:23:14.200  INFO 27228 --- [http-nio-8082-exec-10] edu.fdzc.malluser.service.CartService    : 开始删除购物车项，id: 2009298353902379010
2026-01-09 00:23:14.200  INFO 27228 --- [http-nio-8082-exec-10] edu.fdzc.malluser.service.CartService    : id的类型: java.lang.Long
2026-01-09 00:23:14.219 DEBUG 27228 --- [http-nio-8082-exec-10] e.f.m.mapper.CartMapper.deleteById       : ==>  Preparing: DELETE FROM cart WHERE id=?
2026-01-09 00:23:14.222 DEBUG 27228 --- [http-nio-8082-exec-10] e.f.m.mapper.CartMapper.deleteById       : ==> Parameters: 2009298353902379010(Long)
2026-01-09 00:23:14.269 DEBUG 27228 --- [http-nio-8082-exec-10] e.f.m.mapper.CartMapper.deleteById       : <==    Updates: 1
2026-01-09 00:23:14.269  INFO 27228 --- [http-nio-8082-exec-10] edu.fdzc.malluser.service.CartService    : 删除购物车操作结果，影响行数: 1
2026-01-09 00:23:33.795  INFO 27228 --- [http-nio-8082-exec-2] edu.fdzc.malluser.service.CartService    : 获取用户 4 的购物车列表
2026-01-09 00:23:33.819 DEBUG 27228 --- [http-nio-8082-exec-2] e.f.m.mapper.CartMapper.selectList       : ==>  Preparing: SELECT id,user_id,product_id,product_name,price,num FROM cart WHERE (user_id = ?)
2026-01-09 00:23:33.821 DEBUG 27228 --- [http-nio-8082-exec-2] e.f.m.mapper.CartMapper.selectList       : ==> Parameters: 4(Long)
2026-01-09 00:23:33.830 DEBUG 27228 --- [http-nio-8082-exec-2] e.f.m.mapper.CartMapper.selectList       : <==      Total: 3
2026-01-09 00:23:33.832  INFO 27228 --- [http-nio-8082-exec-2] edu.fdzc.malluser.service.CartService    : 获取到购物车列表：[Cart(id=2008851838402617345, userId=4, productId=4, productName=测试商品1, price=99.99, num=1), Cart(id=2008915549804855297, userId=4, productId=1, productName=小米14, price=4999.00, num=1), Cart(id=2009223795438579714, userId=4, productId=2, productName=华为Mate60, price=5999.00, num=1)]
2026-01-09 00:23:36.174  INFO 27228 --- [http-nio-8082-exec-1] e.f.malluser.controller.CartController   : 接收到删除购物车请求，id: 2008851838402617300
2026-01-09 00:23:36.174  INFO 27228 --- [http-nio-8082-exec-1] edu.fdzc.malluser.service.CartService    : 开始删除购物车项，id: 2008851838402617300
2026-01-09 00:23:36.174  INFO 27228 --- [http-nio-8082-exec-1] edu.fdzc.malluser.service.CartService    : id的类型: java.lang.Long
2026-01-09 00:23:36.175 DEBUG 27228 --- [http-nio-8082-exec-1] e.f.m.mapper.CartMapper.deleteById       : ==>  Preparing: DELETE FROM cart WHERE id=?
2026-01-09 00:23:36.176 DEBUG 27228 --- [http-nio-8082-exec-1] e.f.m.mapper.CartMapper.deleteById       : ==> Parameters: 2008851838402617300(Long)
2026-01-09 00:23:36.177 DEBUG 27228 --- [http-nio-8082-exec-1] e.f.m.mapper.CartMapper.deleteById       : <==    Updates: 0
2026-01-09 00:23:36.177  INFO 27228 --- [http-nio-8082-exec-1] edu.fdzc.malluser.service.CartService    : 删除购物车操作结果，影响行数: 0
2026-01-09 00:25:02.191  INFO 27228 --- [http-nio-8082-exec-5] e.f.malluser.controller.CartController   : 接收到删除购物车请求，id: 2008851838402617300
2026-01-09 00:25:02.192  INFO 27228 --- [http-nio-8082-exec-5] edu.fdzc.malluser.service.CartService    : 开始删除购物车项，id: 2008851838402617300
2026-01-09 00:25:02.192  INFO 27228 --- [http-nio-8082-exec-5] edu.fdzc.malluser.service.CartService    : id的类型: java.lang.Long
2026-01-09 00:25:02.193 DEBUG 27228 --- [http-nio-8082-exec-5] e.f.m.mapper.CartMapper.deleteById       : ==>  Preparing: DELETE FROM cart WHERE id=?
2026-01-09 00:25:02.193 DEBUG 27228 --- [http-nio-8082-exec-5] e.f.m.mapper.CartMapper.deleteById       : ==> Parameters: 2008851838402617300(Long)
2026-01-09 00:25:02.194 DEBUG 27228 --- [http-nio-8082-exec-5] e.f.m.mapper.CartMapper.deleteById       : <==    Updates: 0
2026-01-09 00:25:02.196  INFO 27228 --- [http-nio-8082-exec-5] edu.fdzc.malluser.service.CartService    : 删除购物车操作结果，影响行数: 0
2026-01-09 00:25:02.978  INFO 27228 --- [http-nio-8082-exec-4] e.f.malluser.controller.CartController   : 接收到删除购物车请求，id: 2008851838402617300
2026-01-09 00:25:02.979  INFO 27228 --- [http-nio-8082-exec-4] edu.fdzc.malluser.service.CartService    : 开始删除购物车项，id: 2008851838402617300
2026-01-09 00:25:02.979  INFO 27228 --- [http-nio-8082-exec-4] edu.fdzc.malluser.service.CartService    : id的类型: java.lang.Long
2026-01-09 00:25:02.979 DEBUG 27228 --- [http-nio-8082-exec-4] e.f.m.mapper.CartMapper.deleteById       : ==>  Preparing: DELETE FROM cart WHERE id=?
2026-01-09 00:25:02.981 DEBUG 27228 --- [http-nio-8082-exec-4] e.f.m.mapper.CartMapper.deleteById       : ==> Parameters: 2008851838402617300(Long)
2026-01-09 00:25:02.982 DEBUG 27228 --- [http-nio-8082-exec-4] e.f.m.mapper.CartMapper.deleteById       : <==    Updates: 0
2026-01-09 00:25:02.982  INFO 27228 --- [http-nio-8082-exec-4] edu.fdzc.malluser.service.CartService    : 删除购物车操作结果，影响行数: 0
2026-01-09 00:25:04.183  INFO 27228 --- [http-nio-8082-exec-8] edu.fdzc.malluser.service.CartService    : 获取用户 4 的购物车列表
2026-01-09 00:25:04.189 DEBUG 27228 --- [http-nio-8082-exec-8] e.f.m.mapper.CartMapper.selectList       : ==>  Preparing: SELECT id,user_id,product_id,product_name,price,num FROM cart WHERE (user_id = ?)
2026-01-09 00:25:04.190 DEBUG 27228 --- [http-nio-8082-exec-8] e.f.m.mapper.CartMapper.selectList       : ==> Parameters: 4(Long)
2026-01-09 00:25:04.192 DEBUG 27228 --- [http-nio-8082-exec-8] e.f.m.mapper.CartMapper.selectList       : <==      Total: 3
2026-01-09 00:25:04.192  INFO 27228 --- [http-nio-8082-exec-8] edu.fdzc.malluser.service.CartService    : 获取到购物车列表：[Cart(id=2008851838402617345, userId=4, productId=4, productName=测试商品1, price=99.99, num=1), Cart(id=2008915549804855297, userId=4, productId=1, productName=小米14, price=4999.00, num=1), Cart(id=2009223795438579714, userId=4, productId=2, productName=华为Mate60, price=5999.00, num=1)]
2026-01-09 00:25:05.655  INFO 27228 --- [http-nio-8082-exec-7] e.f.malluser.controller.CartController   : 接收到删除购物车请求，id: 2008851838402617300
2026-01-09 00:25:05.655  INFO 27228 --- [http-nio-8082-exec-7] edu.fdzc.malluser.service.CartService    : 开始删除购物车项，id: 2008851838402617300
2026-01-09 00:25:05.656  INFO 27228 --- [http-nio-8082-exec-7] edu.fdzc.malluser.service.CartService    : id的类型: java.lang.Long
2026-01-09 00:25:05.657 DEBUG 27228 --- [http-nio-8082-exec-7] e.f.m.mapper.CartMapper.deleteById       : ==>  Preparing: DELETE FROM cart WHERE id=?
2026-01-09 00:25:05.658 DEBUG 27228 --- [http-nio-8082-exec-7] e.f.m.mapper.CartMapper.deleteById       : ==> Parameters: 2008851838402617300(Long)
2026-01-09 00:25:05.658 DEBUG 27228 --- [http-nio-8082-exec-7] e.f.m.mapper.CartMapper.deleteById       : <==    Updates: 0
2026-01-09 00:25:05.660  INFO 27228 --- [http-nio-8082-exec-7] edu.fdzc.malluser.service.CartService    : 删除购物车操作结果，影响行数: 0
2026-01-09 00:25:47.943  INFO 1856 --- [main] edu.fdzc.malluser.MallUserApplication    : Starting MallUserApplication using Java 1.8.0_141 on LAPTOP-NR99NVIU with PID 1856 (C:\Users\25173\Desktop\E-commerce-Platform\mall-user\target\classes started by 25173 in C:\Users\25173\Desktop\E-commerce-Platform\mall-user)
2026-01-09 00:25:47.946 DEBUG 1856 --- [main] edu.fdzc.malluser.MallUserApplication    : Running with Spring Boot v2.7.6, Spring v5.3.24
2026-01-09 00:25:47.947  INFO 1856 --- [main] edu.fdzc.malluser.MallUserApplication    : No active profile set, falling back to 1 default profile: "default"
2026-01-09 00:25:48.861  INFO 1856 --- [main] o.s.cloud.context.scope.GenericScope     : BeanFactory id=2a2013e9-8359-3d87-a243-78a03f7715a9
2026-01-09 00:25:50.100  INFO 1856 --- [main] o.s.b.w.embedded.tomcat.TomcatWebServer  : Tomcat initialized with port(s): 8082 (http)
2026-01-09 00:25:50.112  INFO 1856 --- [main] o.apache.catalina.core.StandardService   : Starting service [Tomcat]
2026-01-09 00:25:50.112  INFO 1856 --- [main] org.apache.catalina.core.StandardEngine  : Starting Servlet engine: [Apache Tomcat/9.0.69]
2026-01-09 00:25:50.282  INFO 1856 --- [main] o.a.c.c.C.[Tomcat].[localhost].[/]       : Initializing Spring embedded WebApplicationContext
2026-01-09 00:25:50.282  INFO 1856 --- [main] w.s.c.ServletWebServerApplicationContext : Root WebApplicationContext: initialization completed in 2287 ms
2026-01-09 00:25:52.415  INFO 1856 --- [main] o.s.c.openfeign.FeignClientFactoryBean   : For 'mall-product-service' URL not provided. Will try picking an instance via load-balancing.
2026-01-09 00:25:55.393  INFO 1856 --- [main] o.s.cloud.commons.util.InetUtils         : Cannot determine local hostname
2026-01-09 00:25:55.425  WARN 1856 --- [main] iguration$LoadBalancerCaffeineWarnLogger : Spring Cloud LoadBalancer is currently working with the default cache. While this cache implementation is useful for development and tests, it's recommended to use Caffeine cache in production.You can switch to using Caffeine cache, by adding it and org.springframework.cache.caffeine.CaffeineCacheManager to the classpath.
2026-01-09 00:25:55.451  WARN 1856 --- [main] ConfigServletWebServerApplicationContext : Exception encountered during context initialization - cancelling refresh attempt: org.springframework.context.ApplicationContextException: Failed to start bean 'webServerStartStop'; nested exception is org.springframework.boot.web.server.PortInUseException: Port 8082 is already in use
2026-01-09 00:25:55.455  INFO 1856 --- [main] o.apache.catalina.core.StandardService   : Stopping service [Tomcat]
2026-01-09 00:25:55.466  INFO 1856 --- [main] ConditionEvaluationReportLoggingListener : 

Error starting ApplicationContext. To display the conditions report re-run your application with 'debug' enabled.
2026-01-09 00:25:55.490 ERROR 1856 --- [main] o.s.b.d.LoggingFailureAnalysisReporter   : 

***************************
APPLICATION FAILED TO START
***************************

Description:

Web server failed to start. Port 8082 was already in use.

Action:

Identify and stop the process that's listening on port 8082 or configure this application to listen on another port.

2026-01-09 00:26:17.722  INFO 12588 --- [main] edu.fdzc.malluser.MallUserApplication    : Starting MallUserApplication using Java 1.8.0_141 on LAPTOP-NR99NVIU with PID 12588 (C:\Users\25173\Desktop\E-commerce-Platform\mall-user\target\classes started by 25173 in C:\Users\25173\Desktop\E-commerce-Platform\mall-user)
2026-01-09 00:26:17.724 DEBUG 12588 --- [main] edu.fdzc.malluser.MallUserApplication    : Running with Spring Boot v2.7.6, Spring v5.3.24
2026-01-09 00:26:17.725  INFO 12588 --- [main] edu.fdzc.malluser.MallUserApplication    : No active profile set, falling back to 1 default profile: "default"
2026-01-09 00:26:18.487  INFO 12588 --- [main] o.s.cloud.context.scope.GenericScope     : BeanFactory id=2a2013e9-8359-3d87-a243-78a03f7715a9
2026-01-09 00:26:19.619  INFO 12588 --- [main] o.s.b.w.embedded.tomcat.TomcatWebServer  : Tomcat initialized with port(s): 8082 (http)
2026-01-09 00:26:19.629  INFO 12588 --- [main] o.apache.catalina.core.StandardService   : Starting service [Tomcat]
2026-01-09 00:26:19.630  INFO 12588 --- [main] org.apache.catalina.core.StandardEngine  : Starting Servlet engine: [Apache Tomcat/9.0.69]
2026-01-09 00:26:19.753  INFO 12588 --- [main] o.a.c.c.C.[Tomcat].[localhost].[/]       : Initializing Spring embedded WebApplicationContext
2026-01-09 00:26:19.755  INFO 12588 --- [main] w.s.c.ServletWebServerApplicationContext : Root WebApplicationContext: initialization completed in 1986 ms
2026-01-09 00:26:21.869  INFO 12588 --- [main] o.s.c.openfeign.FeignClientFactoryBean   : For 'mall-product-service' URL not provided. Will try picking an instance via load-balancing.
2026-01-09 00:26:24.800  INFO 12588 --- [main] o.s.cloud.commons.util.InetUtils         : Cannot determine local hostname
2026-01-09 00:26:24.845  WARN 12588 --- [main] iguration$LoadBalancerCaffeineWarnLogger : Spring Cloud LoadBalancer is currently working with the default cache. While this cache implementation is useful for development and tests, it's recommended to use Caffeine cache in production.You can switch to using Caffeine cache, by adding it and org.springframework.cache.caffeine.CaffeineCacheManager to the classpath.
2026-01-09 00:26:24.876  WARN 12588 --- [main] ConfigServletWebServerApplicationContext : Exception encountered during context initialization - cancelling refresh attempt: org.springframework.context.ApplicationContextException: Failed to start bean 'webServerStartStop'; nested exception is org.springframework.boot.web.server.PortInUseException: Port 8082 is already in use
2026-01-09 00:26:24.878  INFO 12588 --- [main] o.apache.catalina.core.StandardService   : Stopping service [Tomcat]
2026-01-09 00:26:24.890  INFO 12588 --- [main] ConditionEvaluationReportLoggingListener : 

Error starting ApplicationContext. To display the conditions report re-run your application with 'debug' enabled.
2026-01-09 00:26:24.910 ERROR 12588 --- [main] o.s.b.d.LoggingFailureAnalysisReporter   : 

***************************
APPLICATION FAILED TO START
***************************

Description:

Web server failed to start. Port 8082 was already in use.

Action:

Identify and stop the process that's listening on port 8082 or configure this application to listen on another port.

2026-01-09 00:27:25.012  INFO 26212 --- [main] edu.fdzc.malluser.MallUserApplication    : Starting MallUserApplication using Java 1.8.0_141 on LAPTOP-NR99NVIU with PID 26212 (C:\Users\25173\Desktop\E-commerce-Platform\mall-user\target\classes started by 25173 in C:\Users\25173\Desktop\E-commerce-Platform\mall-user)
2026-01-09 00:27:25.015 DEBUG 26212 --- [main] edu.fdzc.malluser.MallUserApplication    : Running with Spring Boot v2.7.6, Spring v5.3.24
2026-01-09 00:27:25.016  INFO 26212 --- [main] edu.fdzc.malluser.MallUserApplication    : No active profile set, falling back to 1 default profile: "default"
2026-01-09 00:27:26.020  INFO 26212 --- [main] o.s.cloud.context.scope.GenericScope     : BeanFactory id=2a2013e9-8359-3d87-a243-78a03f7715a9
2026-01-09 00:27:27.643  INFO 26212 --- [main] o.s.b.w.embedded.tomcat.TomcatWebServer  : Tomcat initialized with port(s): 8082 (http)
2026-01-09 00:27:27.656  INFO 26212 --- [main] o.apache.catalina.core.StandardService   : Starting service [Tomcat]
2026-01-09 00:27:27.657  INFO 26212 --- [main] org.apache.catalina.core.StandardEngine  : Starting Servlet engine: [Apache Tomcat/9.0.69]
2026-01-09 00:27:27.830  INFO 26212 --- [main] o.a.c.c.C.[Tomcat].[localhost].[/]       : Initializing Spring embedded WebApplicationContext
2026-01-09 00:27:27.830  INFO 26212 --- [main] w.s.c.ServletWebServerApplicationContext : Root WebApplicationContext: initialization completed in 2760 ms
2026-01-09 00:27:30.747  INFO 26212 --- [main] o.s.c.openfeign.FeignClientFactoryBean   : For 'mall-product-service' URL not provided. Will try picking an instance via load-balancing.
2026-01-09 00:27:34.460  INFO 26212 --- [main] o.s.cloud.commons.util.InetUtils         : Cannot determine local hostname
2026-01-09 00:27:34.501  WARN 26212 --- [main] iguration$LoadBalancerCaffeineWarnLogger : Spring Cloud LoadBalancer is currently working with the default cache. While this cache implementation is useful for development and tests, it's recommended to use Caffeine cache in production.You can switch to using Caffeine cache, by adding it and org.springframework.cache.caffeine.CaffeineCacheManager to the classpath.
2026-01-09 00:27:34.524  WARN 26212 --- [main] ConfigServletWebServerApplicationContext : Exception encountered during context initialization - cancelling refresh attempt: org.springframework.context.ApplicationContextException: Failed to start bean 'webServerStartStop'; nested exception is org.springframework.boot.web.server.PortInUseException: Port 8082 is already in use
2026-01-09 00:27:34.529  INFO 26212 --- [main] o.apache.catalina.core.StandardService   : Stopping service [Tomcat]
2026-01-09 00:27:34.542  INFO 26212 --- [main] ConditionEvaluationReportLoggingListener : 

Error starting ApplicationContext. To display the conditions report re-run your application with 'debug' enabled.
2026-01-09 00:27:34.566 ERROR 26212 --- [main] o.s.b.d.LoggingFailureAnalysisReporter   : 

***************************
APPLICATION FAILED TO START
***************************

Description:

Web server failed to start. Port 8082 was already in use.

Action:

Identify and stop the process that's listening on port 8082 or configure this application to listen on another port.

2026-01-09 00:30:32.571  INFO 27228 --- [SpringApplicationShutdownHook] com.zaxxer.hikari.HikariDataSource       : HikariPool-1 - Shutdown initiated...
2026-01-09 00:30:32.589  INFO 27228 --- [SpringApplicationShutdownHook] com.zaxxer.hikari.HikariDataSource       : HikariPool-1 - Shutdown completed.
2026-01-09 00:30:49.590  INFO 34196 --- [main] edu.fdzc.malluser.MallUserApplication    : Starting MallUserApplication using Java 1.8.0_141 on LAPTOP-NR99NVIU with PID 34196 (C:\Users\25173\Desktop\E-commerce-Platform\mall-user\target\classes started by 25173 in C:\Users\25173\Desktop\E-commerce-Platform\mall-user)
2026-01-09 00:30:49.593 DEBUG 34196 --- [main] edu.fdzc.malluser.MallUserApplication    : Running with Spring Boot v2.7.6, Spring v5.3.24
2026-01-09 00:30:49.594  INFO 34196 --- [main] edu.fdzc.malluser.MallUserApplication    : No active profile set, falling back to 1 default profile: "default"
2026-01-09 00:30:50.535  INFO 34196 --- [main] o.s.cloud.context.scope.GenericScope     : BeanFactory id=2a2013e9-8359-3d87-a243-78a03f7715a9
2026-01-09 00:30:51.944  INFO 34196 --- [main] o.s.b.w.embedded.tomcat.TomcatWebServer  : Tomcat initialized with port(s): 8082 (http)
2026-01-09 00:30:51.956  INFO 34196 --- [main] o.apache.catalina.core.StandardService   : Starting service [Tomcat]
2026-01-09 00:30:51.958  INFO 34196 --- [main] org.apache.catalina.core.StandardEngine  : Starting Servlet engine: [Apache Tomcat/9.0.69]
2026-01-09 00:30:52.144  INFO 34196 --- [main] o.a.c.c.C.[Tomcat].[localhost].[/]       : Initializing Spring embedded WebApplicationContext
2026-01-09 00:30:52.144  INFO 34196 --- [main] w.s.c.ServletWebServerApplicationContext : Root WebApplicationContext: initialization completed in 2499 ms
2026-01-09 00:30:55.005  INFO 34196 --- [main] o.s.c.openfeign.FeignClientFactoryBean   : For 'mall-product-service' URL not provided. Will try picking an instance via load-balancing.
2026-01-09 00:30:58.660  INFO 34196 --- [main] o.s.cloud.commons.util.InetUtils         : Cannot determine local hostname
2026-01-09 00:30:58.697  WARN 34196 --- [main] iguration$LoadBalancerCaffeineWarnLogger : Spring Cloud LoadBalancer is currently working with the default cache. While this cache implementation is useful for development and tests, it's recommended to use Caffeine cache in production.You can switch to using Caffeine cache, by adding it and org.springframework.cache.caffeine.CaffeineCacheManager to the classpath.
2026-01-09 00:30:58.748  INFO 34196 --- [main] o.s.b.w.embedded.tomcat.TomcatWebServer  : Tomcat started on port(s): 8082 (http) with context path ''
2026-01-09 00:31:01.814  INFO 34196 --- [main] o.s.cloud.commons.util.InetUtils         : Cannot determine local hostname
2026-01-09 00:31:01.822  INFO 34196 --- [main] edu.fdzc.malluser.MallUserApplication    : Started MallUserApplication in 16.086 seconds (JVM running for 16.674)
2026-01-09 00:31:40.377  INFO 39260 --- [main] edu.fdzc.malluser.MallUserApplication    : Starting MallUserApplication using Java 1.8.0_141 on LAPTOP-NR99NVIU with PID 39260 (C:\Users\25173\Desktop\E-commerce-Platform\mall-user\target\classes started by 25173 in C:\Users\25173\Desktop\E-commerce-Platform\mall-user)
2026-01-09 00:31:40.379 DEBUG 39260 --- [main] edu.fdzc.malluser.MallUserApplication    : Running with Spring Boot v2.7.6, Spring v5.3.24
2026-01-09 00:31:40.379  INFO 39260 --- [main] edu.fdzc.malluser.MallUserApplication    : No active profile set, falling back to 1 default profile: "default"
2026-01-09 00:31:41.069  INFO 39260 --- [main] o.s.cloud.context.scope.GenericScope     : BeanFactory id=2a2013e9-8359-3d87-a243-78a03f7715a9
2026-01-09 00:31:42.057  INFO 39260 --- [main] o.s.b.w.embedded.tomcat.TomcatWebServer  : Tomcat initialized with port(s): 8082 (http)
2026-01-09 00:31:42.065  INFO 39260 --- [main] o.apache.catalina.core.StandardService   : Starting service [Tomcat]
2026-01-09 00:31:42.067  INFO 39260 --- [main] org.apache.catalina.core.StandardEngine  : Starting Servlet engine: [Apache Tomcat/9.0.69]
2026-01-09 00:31:42.175  INFO 39260 --- [main] o.a.c.c.C.[Tomcat].[localhost].[/]       : Initializing Spring embedded WebApplicationContext
2026-01-09 00:31:42.176  INFO 39260 --- [main] w.s.c.ServletWebServerApplicationContext : Root WebApplicationContext: initialization completed in 1758 ms
2026-01-09 00:31:44.132  INFO 39260 --- [main] o.s.c.openfeign.FeignClientFactoryBean   : For 'mall-product-service' URL not provided. Will try picking an instance via load-balancing.
2026-01-09 00:31:46.912  INFO 39260 --- [main] o.s.cloud.commons.util.InetUtils         : Cannot determine local hostname
2026-01-09 00:31:46.940  WARN 39260 --- [main] iguration$LoadBalancerCaffeineWarnLogger : Spring Cloud LoadBalancer is currently working with the default cache. While this cache implementation is useful for development and tests, it's recommended to use Caffeine cache in production.You can switch to using Caffeine cache, by adding it and org.springframework.cache.caffeine.CaffeineCacheManager to the classpath.
2026-01-09 00:31:46.957  WARN 39260 --- [main] ConfigServletWebServerApplicationContext : Exception encountered during context initialization - cancelling refresh attempt: org.springframework.context.ApplicationContextException: Failed to start bean 'webServerStartStop'; nested exception is org.springframework.boot.web.server.PortInUseException: Port 8082 is already in use
2026-01-09 00:31:46.960  INFO 39260 --- [main] o.apache.catalina.core.StandardService   : Stopping service [Tomcat]
2026-01-09 00:31:46.970  INFO 39260 --- [main] ConditionEvaluationReportLoggingListener : 

Error starting ApplicationContext. To display the conditions report re-run your application with 'debug' enabled.
2026-01-09 00:31:46.989 ERROR 39260 --- [main] o.s.b.d.LoggingFailureAnalysisReporter   : 

***************************
APPLICATION FAILED TO START
***************************

Description:

Web server failed to start. Port 8082 was already in use.

Action:

Identify and stop the process that's listening on port 8082 or configure this application to listen on another port.

2026-01-09 00:32:17.338  INFO 34196 --- [http-nio-8082-exec-1] o.a.c.c.C.[Tomcat].[localhost].[/]       : Initializing Spring DispatcherServlet 'dispatcherServlet'
2026-01-09 00:32:17.340  INFO 34196 --- [http-nio-8082-exec-1] o.s.web.servlet.DispatcherServlet        : Initializing Servlet 'dispatcherServlet'
2026-01-09 00:32:17.341  INFO 34196 --- [http-nio-8082-exec-1] o.s.web.servlet.DispatcherServlet        : Completed initialization in 1 ms
2026-01-09 00:32:17.370  INFO 34196 --- [http-nio-8082-exec-1] e.f.malluser.controller.CartController   : 接收到删除购物车请求，id: 2009298353902379010
2026-01-09 00:32:17.371  INFO 34196 --- [http-nio-8082-exec-1] edu.fdzc.malluser.service.CartService    : 开始删除购物车项，id: 2009298353902379010
2026-01-09 00:32:17.371  INFO 34196 --- [http-nio-8082-exec-1] edu.fdzc.malluser.service.CartService    : id的类型: java.lang.String
2026-01-09 00:32:17.386  INFO 34196 --- [http-nio-8082-exec-1] com.zaxxer.hikari.HikariDataSource       : HikariPool-1 - Starting...
2026-01-09 00:32:18.442  INFO 34196 --- [http-nio-8082-exec-1] com.zaxxer.hikari.HikariDataSource       : HikariPool-1 - Start completed.
2026-01-09 00:32:18.448 DEBUG 34196 --- [http-nio-8082-exec-1] e.f.m.mapper.CartMapper.deleteById       : ==>  Preparing: DELETE FROM cart WHERE id=?
2026-01-09 00:32:18.467 DEBUG 34196 --- [http-nio-8082-exec-1] e.f.m.mapper.CartMapper.deleteById       : ==> Parameters: 2009298353902379010(String)
2026-01-09 00:32:18.477 DEBUG 34196 --- [http-nio-8082-exec-1] e.f.m.mapper.CartMapper.deleteById       : <==    Updates: 0
2026-01-09 00:32:18.479  INFO 34196 --- [http-nio-8082-exec-1] edu.fdzc.malluser.service.CartService    : 删除购物车操作结果，影响行数: 0
2026-01-09 00:32:48.943  INFO 35008 --- [main] edu.fdzc.malluser.MallUserApplication    : Starting MallUserApplication using Java 1.8.0_141 on LAPTOP-NR99NVIU with PID 35008 (C:\Users\25173\Desktop\E-commerce-Platform\mall-user\target\classes started by 25173 in C:\Users\25173\Desktop\E-commerce-Platform\mall-user)
2026-01-09 00:32:48.946 DEBUG 35008 --- [main] edu.fdzc.malluser.MallUserApplication    : Running with Spring Boot v2.7.6, Spring v5.3.24
2026-01-09 00:32:48.946  INFO 35008 --- [main] edu.fdzc.malluser.MallUserApplication    : No active profile set, falling back to 1 default profile: "default"
2026-01-09 00:32:49.806  INFO 35008 --- [main] o.s.cloud.context.scope.GenericScope     : BeanFactory id=2a2013e9-8359-3d87-a243-78a03f7715a9
2026-01-09 00:32:50.947  INFO 35008 --- [main] o.s.b.w.embedded.tomcat.TomcatWebServer  : Tomcat initialized with port(s): 8082 (http)
2026-01-09 00:32:50.958  INFO 35008 --- [main] o.apache.catalina.core.StandardService   : Starting service [Tomcat]
2026-01-09 00:32:50.958  INFO 35008 --- [main] org.apache.catalina.core.StandardEngine  : Starting Servlet engine: [Apache Tomcat/9.0.69]
2026-01-09 00:32:51.088  INFO 35008 --- [main] o.a.c.c.C.[Tomcat].[localhost].[/]       : Initializing Spring embedded WebApplicationContext
2026-01-09 00:32:51.088  INFO 35008 --- [main] w.s.c.ServletWebServerApplicationContext : Root WebApplicationContext: initialization completed in 2098 ms
2026-01-09 00:32:53.178  INFO 35008 --- [main] o.s.c.openfeign.FeignClientFactoryBean   : For 'mall-product-service' URL not provided. Will try picking an instance via load-balancing.
2026-01-09 00:32:56.372  INFO 35008 --- [main] o.s.cloud.commons.util.InetUtils         : Cannot determine local hostname
2026-01-09 00:32:56.403  WARN 35008 --- [main] iguration$LoadBalancerCaffeineWarnLogger : Spring Cloud LoadBalancer is currently working with the default cache. While this cache implementation is useful for development and tests, it's recommended to use Caffeine cache in production.You can switch to using Caffeine cache, by adding it and org.springframework.cache.caffeine.CaffeineCacheManager to the classpath.
2026-01-09 00:32:56.436  INFO 35008 --- [main] o.s.b.w.embedded.tomcat.TomcatWebServer  : Tomcat started on port(s): 8082 (http) with context path ''
2026-01-09 00:32:59.009  INFO 35008 --- [main] o.s.cloud.commons.util.InetUtils         : Cannot determine local hostname
2026-01-09 00:32:59.017  INFO 35008 --- [main] edu.fdzc.malluser.MallUserApplication    : Started MallUserApplication in 13.158 seconds (JVM running for 13.63)
2026-01-09 00:33:26.253  INFO 35008 --- [http-nio-8082-exec-1] o.a.c.c.C.[Tomcat].[localhost].[/]       : Initializing Spring DispatcherServlet 'dispatcherServlet'
2026-01-09 00:33:26.253  INFO 35008 --- [http-nio-8082-exec-1] o.s.web.servlet.DispatcherServlet        : Initializing Servlet 'dispatcherServlet'
2026-01-09 00:33:26.254  INFO 35008 --- [http-nio-8082-exec-1] o.s.web.servlet.DispatcherServlet        : Completed initialization in 1 ms
2026-01-09 00:33:26.277  INFO 35008 --- [http-nio-8082-exec-1] e.f.malluser.controller.CartController   : 接收到删除购物车请求，id: 2009298353902379010
2026-01-09 00:33:26.278  INFO 35008 --- [http-nio-8082-exec-1] edu.fdzc.malluser.service.CartService    : 开始删除购物车项，id: 2009298353902379010
2026-01-09 00:33:26.278  INFO 35008 --- [http-nio-8082-exec-1] edu.fdzc.malluser.service.CartService    : id的类型: java.lang.String
2026-01-09 00:33:26.291  INFO 35008 --- [http-nio-8082-exec-1] com.zaxxer.hikari.HikariDataSource       : HikariPool-1 - Starting...
2026-01-09 00:33:27.250  INFO 35008 --- [http-nio-8082-exec-1] com.zaxxer.hikari.HikariDataSource       : HikariPool-1 - Start completed.
2026-01-09 00:33:27.254 DEBUG 35008 --- [http-nio-8082-exec-1] e.f.m.mapper.CartMapper.deleteById       : ==>  Preparing: DELETE FROM cart WHERE id=?
2026-01-09 00:33:27.273 DEBUG 35008 --- [http-nio-8082-exec-1] e.f.m.mapper.CartMapper.deleteById       : ==> Parameters: 2009298353902379010(String)
2026-01-09 00:33:27.277 DEBUG 35008 --- [http-nio-8082-exec-1] e.f.m.mapper.CartMapper.deleteById       : <==    Updates: 0
2026-01-09 00:33:27.280  INFO 35008 --- [http-nio-8082-exec-1] edu.fdzc.malluser.service.CartService    : 删除购物车操作结果，影响行数: 0
2026-01-09 00:36:28.982  INFO 35008 --- [http-nio-8082-exec-3] e.f.malluser.controller.CartController   : 接收到删除购物车请求，id: 2008915549804855297
2026-01-09 00:36:28.982  INFO 35008 --- [http-nio-8082-exec-3] edu.fdzc.malluser.service.CartService    : 开始删除购物车项，id: 2008915549804855297
2026-01-09 00:36:28.982  INFO 35008 --- [http-nio-8082-exec-3] edu.fdzc.malluser.service.CartService    : id的类型: java.lang.String
2026-01-09 00:36:28.984 DEBUG 35008 --- [http-nio-8082-exec-3] e.f.m.mapper.CartMapper.deleteById       : ==>  Preparing: DELETE FROM cart WHERE id=?
2026-01-09 00:36:28.984 DEBUG 35008 --- [http-nio-8082-exec-3] e.f.m.mapper.CartMapper.deleteById       : ==> Parameters: 2008915549804855297(String)
2026-01-09 00:36:28.989 DEBUG 35008 --- [http-nio-8082-exec-3] e.f.m.mapper.CartMapper.deleteById       : <==    Updates: 1
2026-01-09 00:36:28.990  INFO 35008 --- [http-nio-8082-exec-3] edu.fdzc.malluser.service.CartService    : 删除购物车操作结果，影响行数: 1
2026-01-09 00:38:15.835  INFO 31180 --- [main] edu.fdzc.malluser.MallUserApplication    : Starting MallUserApplication using Java 1.8.0_141 on LAPTOP-NR99NVIU with PID 31180 (C:\Users\25173\Desktop\E-commerce-Platform\mall-user\target\classes started by 25173 in C:\Users\25173\Desktop\E-commerce-Platform\mall-user)
2026-01-09 00:38:15.838 DEBUG 31180 --- [main] edu.fdzc.malluser.MallUserApplication    : Running with Spring Boot v2.7.6, Spring v5.3.24
2026-01-09 00:38:15.839  INFO 31180 --- [main] edu.fdzc.malluser.MallUserApplication    : No active profile set, falling back to 1 default profile: "default"
2026-01-09 00:38:16.432  INFO 31180 --- [main] o.s.cloud.context.scope.GenericScope     : BeanFactory id=2a2013e9-8359-3d87-a243-78a03f7715a9
2026-01-09 00:38:17.291  INFO 31180 --- [main] o.s.b.w.embedded.tomcat.TomcatWebServer  : Tomcat initialized with port(s): 8082 (http)
2026-01-09 00:38:17.298  INFO 31180 --- [main] o.apache.catalina.core.StandardService   : Starting service [Tomcat]
2026-01-09 00:38:17.298  INFO 31180 --- [main] org.apache.catalina.core.StandardEngine  : Starting Servlet engine: [Apache Tomcat/9.0.69]
2026-01-09 00:38:17.393  INFO 31180 --- [main] o.a.c.c.C.[Tomcat].[localhost].[/]       : Initializing Spring embedded WebApplicationContext
2026-01-09 00:38:17.393  INFO 31180 --- [main] w.s.c.ServletWebServerApplicationContext : Root WebApplicationContext: initialization completed in 1524 ms
2026-01-09 00:38:19.044  INFO 31180 --- [main] o.s.c.openfeign.FeignClientFactoryBean   : For 'mall-product-service' URL not provided. Will try picking an instance via load-balancing.
2026-01-09 00:38:21.621  INFO 31180 --- [main] o.s.cloud.commons.util.InetUtils         : Cannot determine local hostname
2026-01-09 00:38:21.642  WARN 31180 --- [main] iguration$LoadBalancerCaffeineWarnLogger : Spring Cloud LoadBalancer is currently working with the default cache. While this cache implementation is useful for development and tests, it's recommended to use Caffeine cache in production.You can switch to using Caffeine cache, by adding it and org.springframework.cache.caffeine.CaffeineCacheManager to the classpath.
2026-01-09 00:38:21.658  WARN 31180 --- [main] ConfigServletWebServerApplicationContext : Exception encountered during context initialization - cancelling refresh attempt: org.springframework.context.ApplicationContextException: Failed to start bean 'webServerStartStop'; nested exception is org.springframework.boot.web.server.PortInUseException: Port 8082 is already in use
2026-01-09 00:38:21.661  INFO 31180 --- [main] o.apache.catalina.core.StandardService   : Stopping service [Tomcat]
2026-01-09 00:38:21.669  INFO 31180 --- [main] ConditionEvaluationReportLoggingListener : 

Error starting ApplicationContext. To display the conditions report re-run your application with 'debug' enabled.
2026-01-09 00:38:21.684 ERROR 31180 --- [main] o.s.b.d.LoggingFailureAnalysisReporter   : 

***************************
APPLICATION FAILED TO START
***************************

Description:

Web server failed to start. Port 8082 was already in use.

Action:

Identify and stop the process that's listening on port 8082 or configure this application to listen on another port.

2026-01-09 00:38:37.762  INFO 11356 --- [main] edu.fdzc.malluser.MallUserApplication    : Starting MallUserApplication using Java 1.8.0_141 on LAPTOP-NR99NVIU with PID 11356 (C:\Users\25173\Desktop\E-commerce-Platform\mall-user\target\classes started by 25173 in C:\Users\25173\Desktop\E-commerce-Platform\mall-user)
2026-01-09 00:38:37.763 DEBUG 11356 --- [main] edu.fdzc.malluser.MallUserApplication    : Running with Spring Boot v2.7.6, Spring v5.3.24
2026-01-09 00:38:37.765  INFO 11356 --- [main] edu.fdzc.malluser.MallUserApplication    : No active profile set, falling back to 1 default profile: "default"
2026-01-09 00:38:38.330  INFO 11356 --- [main] o.s.cloud.context.scope.GenericScope     : BeanFactory id=2a2013e9-8359-3d87-a243-78a03f7715a9
2026-01-09 00:38:39.199  INFO 11356 --- [main] o.s.b.w.embedded.tomcat.TomcatWebServer  : Tomcat initialized with port(s): 8082 (http)
2026-01-09 00:38:39.206  INFO 11356 --- [main] o.apache.catalina.core.StandardService   : Starting service [Tomcat]
2026-01-09 00:38:39.206  INFO 11356 --- [main] org.apache.catalina.core.StandardEngine  : Starting Servlet engine: [Apache Tomcat/9.0.69]
2026-01-09 00:38:39.303  INFO 11356 --- [main] o.a.c.c.C.[Tomcat].[localhost].[/]       : Initializing Spring embedded WebApplicationContext
2026-01-09 00:38:39.304  INFO 11356 --- [main] w.s.c.ServletWebServerApplicationContext : Root WebApplicationContext: initialization completed in 1507 ms
2026-01-09 00:38:40.975  INFO 11356 --- [main] o.s.c.openfeign.FeignClientFactoryBean   : For 'mall-product-service' URL not provided. Will try picking an instance via load-balancing.
2026-01-09 00:38:43.557  INFO 11356 --- [main] o.s.cloud.commons.util.InetUtils         : Cannot determine local hostname
2026-01-09 00:38:43.580  WARN 11356 --- [main] iguration$LoadBalancerCaffeineWarnLogger : Spring Cloud LoadBalancer is currently working with the default cache. While this cache implementation is useful for development and tests, it's recommended to use Caffeine cache in production.You can switch to using Caffeine cache, by adding it and org.springframework.cache.caffeine.CaffeineCacheManager to the classpath.
2026-01-09 00:38:43.594  WARN 11356 --- [main] ConfigServletWebServerApplicationContext : Exception encountered during context initialization - cancelling refresh attempt: org.springframework.context.ApplicationContextException: Failed to start bean 'webServerStartStop'; nested exception is org.springframework.boot.web.server.PortInUseException: Port 8082 is already in use
2026-01-09 00:38:43.597  INFO 11356 --- [main] o.apache.catalina.core.StandardService   : Stopping service [Tomcat]
2026-01-09 00:38:43.607  INFO 11356 --- [main] ConditionEvaluationReportLoggingListener : 

Error starting ApplicationContext. To display the conditions report re-run your application with 'debug' enabled.
2026-01-09 00:38:43.621 ERROR 11356 --- [main] o.s.b.d.LoggingFailureAnalysisReporter   : 

***************************
APPLICATION FAILED TO START
***************************

Description:

Web server failed to start. Port 8082 was already in use.

Action:

Identify and stop the process that's listening on port 8082 or configure this application to listen on another port.

2026-01-09 00:39:38.621  INFO 12056 --- [main] edu.fdzc.malluser.MallUserApplication    : Starting MallUserApplication using Java 1.8.0_141 on LAPTOP-NR99NVIU with PID 12056 (C:\Users\25173\Desktop\E-commerce-Platform\mall-user\target\classes started by 25173 in C:\Users\25173\Desktop\E-commerce-Platform\mall-user)
2026-01-09 00:39:38.624 DEBUG 12056 --- [main] edu.fdzc.malluser.MallUserApplication    : Running with Spring Boot v2.7.6, Spring v5.3.24
2026-01-09 00:39:38.624  INFO 12056 --- [main] edu.fdzc.malluser.MallUserApplication    : No active profile set, falling back to 1 default profile: "default"
2026-01-09 00:39:39.173  INFO 12056 --- [main] o.s.cloud.context.scope.GenericScope     : BeanFactory id=4e32c238-51c9-3c09-b490-ed1aa077b73f
2026-01-09 00:39:40.038  INFO 12056 --- [main] o.s.b.w.embedded.tomcat.TomcatWebServer  : Tomcat initialized with port(s): 8082 (http)
2026-01-09 00:39:40.045  INFO 12056 --- [main] o.apache.catalina.core.StandardService   : Starting service [Tomcat]
2026-01-09 00:39:40.045  INFO 12056 --- [main] org.apache.catalina.core.StandardEngine  : Starting Servlet engine: [Apache Tomcat/9.0.69]
2026-01-09 00:39:40.139  INFO 12056 --- [main] o.a.c.c.C.[Tomcat].[localhost].[/]       : Initializing Spring embedded WebApplicationContext
2026-01-09 00:39:40.140  INFO 12056 --- [main] w.s.c.ServletWebServerApplicationContext : Root WebApplicationContext: initialization completed in 1485 ms
2026-01-09 00:39:41.759  WARN 12056 --- [main] ConfigServletWebServerApplicationContext : Exception encountered during context initialization - cancelling refresh attempt: org.springframework.beans.factory.UnsatisfiedDependencyException: Error creating bean with name 'statisticsController' defined in file [C:\Users\25173\Desktop\E-commerce-Platform\mall-user\target\classes\edu\fdzc\malluser\controller\StatisticsController.class]: Unsatisfied dependency expressed through constructor parameter 0; nested exception is org.springframework.beans.factory.UnsatisfiedDependencyException: Error creating bean with name 'statisticsService' defined in file [C:\Users\25173\Desktop\E-commerce-Platform\mall-user\target\classes\edu\fdzc\malluser\service\StatisticsService.class]: Unsatisfied dependency expressed through constructor parameter 3; nested exception is org.springframework.beans.factory.NoSuchBeanDefinitionException: No qualifying bean of type 'edu.fdzc.malluser.feign.ProductServiceFeign' available: expected at least 1 bean which qualifies as autowire candidate. Dependency annotations: {}
2026-01-09 00:39:41.762  INFO 12056 --- [main] o.apache.catalina.core.StandardService   : Stopping service [Tomcat]
2026-01-09 00:39:41.771  INFO 12056 --- [main] ConditionEvaluationReportLoggingListener : 

Error starting ApplicationContext. To display the conditions report re-run your application with 'debug' enabled.
2026-01-09 00:39:41.786 ERROR 12056 --- [main] o.s.b.d.LoggingFailureAnalysisReporter   : 

***************************
APPLICATION FAILED TO START
***************************

Description:

Parameter 3 of constructor in edu.fdzc.malluser.service.StatisticsService required a bean of type 'edu.fdzc.malluser.feign.ProductServiceFeign' that could not be found.


Action:

Consider defining a bean of type 'edu.fdzc.malluser.feign.ProductServiceFeign' in your configuration.

2026-01-09 00:40:32.887  INFO 26992 --- [main] edu.fdzc.malluser.MallUserApplication    : Starting MallUserApplication using Java 1.8.0_141 on LAPTOP-NR99NVIU with PID 26992 (C:\Users\25173\Desktop\E-commerce-Platform\mall-user\target\classes started by 25173 in C:\Users\25173\Desktop\E-commerce-Platform\mall-user)
2026-01-09 00:40:32.888 DEBUG 26992 --- [main] edu.fdzc.malluser.MallUserApplication    : Running with Spring Boot v2.7.6, Spring v5.3.24
2026-01-09 00:40:32.890  INFO 26992 --- [main] edu.fdzc.malluser.MallUserApplication    : No active profile set, falling back to 1 default profile: "default"
2026-01-09 00:40:33.482  INFO 26992 --- [main] o.s.cloud.context.scope.GenericScope     : BeanFactory id=4e32c238-51c9-3c09-b490-ed1aa077b73f
2026-01-09 00:40:34.364  INFO 26992 --- [main] o.s.b.w.embedded.tomcat.TomcatWebServer  : Tomcat initialized with port(s): 8082 (http)
2026-01-09 00:40:34.370  INFO 26992 --- [main] o.apache.catalina.core.StandardService   : Starting service [Tomcat]
2026-01-09 00:40:34.370  INFO 26992 --- [main] org.apache.catalina.core.StandardEngine  : Starting Servlet engine: [Apache Tomcat/9.0.69]
2026-01-09 00:40:34.463  INFO 26992 --- [main] o.a.c.c.C.[Tomcat].[localhost].[/]       : Initializing Spring embedded WebApplicationContext
2026-01-09 00:40:34.464  INFO 26992 --- [main] w.s.c.ServletWebServerApplicationContext : Root WebApplicationContext: initialization completed in 1543 ms
2026-01-09 00:40:38.773  INFO 26992 --- [main] o.s.cloud.commons.util.InetUtils         : Cannot determine local hostname
2026-01-09 00:40:38.805  WARN 26992 --- [main] iguration$LoadBalancerCaffeineWarnLogger : Spring Cloud LoadBalancer is currently working with the default cache. While this cache implementation is useful for development and tests, it's recommended to use Caffeine cache in production.You can switch to using Caffeine cache, by adding it and org.springframework.cache.caffeine.CaffeineCacheManager to the classpath.
2026-01-09 00:40:38.828  WARN 26992 --- [main] ConfigServletWebServerApplicationContext : Exception encountered during context initialization - cancelling refresh attempt: org.springframework.context.ApplicationContextException: Failed to start bean 'webServerStartStop'; nested exception is org.springframework.boot.web.server.PortInUseException: Port 8082 is already in use
2026-01-09 00:40:38.831  INFO 26992 --- [main] o.apache.catalina.core.StandardService   : Stopping service [Tomcat]
2026-01-09 00:40:38.842  INFO 26992 --- [main] ConditionEvaluationReportLoggingListener : 

Error starting ApplicationContext. To display the conditions report re-run your application with 'debug' enabled.
2026-01-09 00:40:38.857 ERROR 26992 --- [main] o.s.b.d.LoggingFailureAnalysisReporter   : 

***************************
APPLICATION FAILED TO START
***************************

Description:

Web server failed to start. Port 8082 was already in use.

Action:

Identify and stop the process that's listening on port 8082 or configure this application to listen on another port.

2026-01-09 00:43:52.094  INFO 35008 --- [http-nio-8082-exec-5] e.f.malluser.controller.CartController   : 接收到删除购物车请求，id: 2008915549804855297
2026-01-09 00:43:52.095  INFO 35008 --- [http-nio-8082-exec-5] edu.fdzc.malluser.service.CartService    : 开始删除购物车项，id: 2008915549804855297
2026-01-09 00:43:52.095  INFO 35008 --- [http-nio-8082-exec-5] edu.fdzc.malluser.service.CartService    : id的类型: java.lang.String
2026-01-09 00:43:52.097 DEBUG 35008 --- [http-nio-8082-exec-5] e.f.m.mapper.CartMapper.deleteById       : ==>  Preparing: DELETE FROM cart WHERE id=?
2026-01-09 00:43:52.098 DEBUG 35008 --- [http-nio-8082-exec-5] e.f.m.mapper.CartMapper.deleteById       : ==> Parameters: 2008915549804855297(String)
2026-01-09 00:43:52.100 DEBUG 35008 --- [http-nio-8082-exec-5] e.f.m.mapper.CartMapper.deleteById       : <==    Updates: 0
2026-01-09 00:43:52.100  INFO 35008 --- [http-nio-8082-exec-5] edu.fdzc.malluser.service.CartService    : 删除购物车操作结果，影响行数: 0
2026-01-09 00:46:28.597  INFO 35008 --- [http-nio-8082-exec-7] e.f.malluser.controller.CartController   : 接收到删除购物车请求，id: 2008851838402617345
2026-01-09 00:46:28.598  INFO 35008 --- [http-nio-8082-exec-7] edu.fdzc.malluser.service.CartService    : 开始删除购物车项，id: 2008851838402617345
2026-01-09 00:46:28.598  INFO 35008 --- [http-nio-8082-exec-7] edu.fdzc.malluser.service.CartService    : id的类型: java.lang.String
2026-01-09 00:46:28.600 DEBUG 35008 --- [http-nio-8082-exec-7] e.f.m.mapper.CartMapper.deleteById       : ==>  Preparing: DELETE FROM cart WHERE id=?
2026-01-09 00:46:28.600 DEBUG 35008 --- [http-nio-8082-exec-7] e.f.m.mapper.CartMapper.deleteById       : ==> Parameters: 2008851838402617345(String)
2026-01-09 00:46:28.605 DEBUG 35008 --- [http-nio-8082-exec-7] e.f.m.mapper.CartMapper.deleteById       : <==    Updates: 1
2026-01-09 00:46:28.605  INFO 35008 --- [http-nio-8082-exec-7] edu.fdzc.malluser.service.CartService    : 删除购物车操作结果，影响行数: 1
2026-01-09 00:47:17.314  INFO 35008 --- [http-nio-8082-exec-8] e.f.malluser.controller.CartController   : 接收到删除购物车请求，id: 2008851838402617300
2026-01-09 00:47:17.316  INFO 35008 --- [http-nio-8082-exec-8] edu.fdzc.malluser.service.CartService    : 开始删除购物车项，id: 2008851838402617300
2026-01-09 00:47:17.316  INFO 35008 --- [http-nio-8082-exec-8] edu.fdzc.malluser.service.CartService    : id的类型: java.lang.String
2026-01-09 00:47:17.317 DEBUG 35008 --- [http-nio-8082-exec-8] e.f.m.mapper.CartMapper.deleteById       : ==>  Preparing: DELETE FROM cart WHERE id=?
2026-01-09 00:47:17.317 DEBUG 35008 --- [http-nio-8082-exec-8] e.f.m.mapper.CartMapper.deleteById       : ==> Parameters: 2008851838402617300(String)
2026-01-09 00:47:17.320 DEBUG 35008 --- [http-nio-8082-exec-8] e.f.m.mapper.CartMapper.deleteById       : <==    Updates: 0
2026-01-09 00:47:17.320  INFO 35008 --- [http-nio-8082-exec-8] edu.fdzc.malluser.service.CartService    : 删除购物车操作结果，影响行数: 0
2026-01-09 00:47:24.417  INFO 35008 --- [http-nio-8082-exec-9] edu.fdzc.malluser.service.CartService    : 获取用户 4 的购物车列表
2026-01-09 00:47:24.496 DEBUG 35008 --- [http-nio-8082-exec-9] e.f.m.mapper.CartMapper.selectList       : ==>  Preparing: SELECT id,user_id,product_id,product_name,price,num FROM cart WHERE (user_id = ?)
2026-01-09 00:47:24.498 DEBUG 35008 --- [http-nio-8082-exec-9] e.f.m.mapper.CartMapper.selectList       : ==> Parameters: 4(Long)
2026-01-09 00:47:24.542 DEBUG 35008 --- [http-nio-8082-exec-9] e.f.m.mapper.CartMapper.selectList       : <==      Total: 1
2026-01-09 00:47:24.551  INFO 35008 --- [http-nio-8082-exec-9] edu.fdzc.malluser.service.CartService    : 获取到购物车列表：[Cart(id=2009223795438579714, userId=4, productId=2, productName=华为Mate60, price=5999.00, num=1)]
2026-01-09 00:47:26.572  INFO 35008 --- [http-nio-8082-exec-10] e.f.malluser.controller.CartController   : 接收到删除购物车请求，id: 2009223795438579714
2026-01-09 00:47:26.573  INFO 35008 --- [http-nio-8082-exec-10] edu.fdzc.malluser.service.CartService    : 开始删除购物车项，id: 2009223795438579714
2026-01-09 00:47:26.575  INFO 35008 --- [http-nio-8082-exec-10] edu.fdzc.malluser.service.CartService    : id的类型: java.lang.String
2026-01-09 00:47:26.575 DEBUG 35008 --- [http-nio-8082-exec-10] e.f.m.mapper.CartMapper.deleteById       : ==>  Preparing: DELETE FROM cart WHERE id=?
2026-01-09 00:47:26.576 DEBUG 35008 --- [http-nio-8082-exec-10] e.f.m.mapper.CartMapper.deleteById       : ==> Parameters: 2009223795438579714(String)
2026-01-09 00:47:26.581 DEBUG 35008 --- [http-nio-8082-exec-10] e.f.m.mapper.CartMapper.deleteById       : <==    Updates: 1
2026-01-09 00:47:26.581  INFO 35008 --- [http-nio-8082-exec-10] edu.fdzc.malluser.service.CartService    : 删除购物车操作结果，影响行数: 1
2026-01-09 00:47:26.603  INFO 35008 --- [http-nio-8082-exec-1] edu.fdzc.malluser.service.CartService    : 获取用户 4 的购物车列表
2026-01-09 00:47:26.605 DEBUG 35008 --- [http-nio-8082-exec-1] e.f.m.mapper.CartMapper.selectList       : ==>  Preparing: SELECT id,user_id,product_id,product_name,price,num FROM cart WHERE (user_id = ?)
2026-01-09 00:47:26.607 DEBUG 35008 --- [http-nio-8082-exec-1] e.f.m.mapper.CartMapper.selectList       : ==> Parameters: 4(Long)
2026-01-09 00:47:26.610 DEBUG 35008 --- [http-nio-8082-exec-1] e.f.m.mapper.CartMapper.selectList       : <==      Total: 0
2026-01-09 00:47:26.610  INFO 35008 --- [http-nio-8082-exec-1] edu.fdzc.malluser.service.CartService    : 获取到购物车列表：[]
2026-01-09 00:47:39.352 DEBUG 35008 --- [http-nio-8082-exec-3] e.f.m.mapper.ShopMapper.selectList       : ==>  Preparing: SELECT id,user_id,shop_name,shop_logo,shop_desc,contact_phone,status,audit_remark,create_time,update_time FROM shop ORDER BY id ASC
2026-01-09 00:47:39.353 DEBUG 35008 --- [http-nio-8082-exec-3] e.f.m.mapper.ShopMapper.selectList       : ==> Parameters: 
2026-01-09 00:47:39.367 DEBUG 35008 --- [http-nio-8082-exec-3] e.f.m.mapper.ShopMapper.selectList       : <==      Total: 3
2026-01-09 00:47:41.670  INFO 35008 --- [http-nio-8082-exec-4] edu.fdzc.malluser.service.CartService    : 添加购物车：Cart(id=null, userId=4, productId=4, productName=测试商品1, price=99.99, num=1)
2026-01-09 00:47:41.678 DEBUG 35008 --- [http-nio-8082-exec-4] e.f.malluser.mapper.CartMapper.insert    : ==>  Preparing: INSERT INTO cart ( id, user_id, product_id, product_name, price, num ) VALUES ( ?, ?, ?, ?, ?, ? )
2026-01-09 00:47:41.679 DEBUG 35008 --- [http-nio-8082-exec-4] e.f.malluser.mapper.CartMapper.insert    : ==> Parameters: 2009306023145312257(String), 4(Long), 4(Long), 测试商品1(String), 99.99(BigDecimal), 1(Integer)
2026-01-09 00:47:41.685 DEBUG 35008 --- [http-nio-8082-exec-4] e.f.malluser.mapper.CartMapper.insert    : <==    Updates: 1
2026-01-09 00:47:41.687  INFO 35008 --- [http-nio-8082-exec-4] edu.fdzc.malluser.service.CartService    : 添加购物车结果：true
2026-01-09 00:47:43.423  INFO 35008 --- [http-nio-8082-exec-5] edu.fdzc.malluser.service.CartService    : 获取用户 4 的购物车列表
2026-01-09 00:47:43.428 DEBUG 35008 --- [http-nio-8082-exec-5] e.f.m.mapper.CartMapper.selectList       : ==>  Preparing: SELECT id,user_id,product_id,product_name,price,num FROM cart WHERE (user_id = ?)
2026-01-09 00:47:43.431 DEBUG 35008 --- [http-nio-8082-exec-5] e.f.m.mapper.CartMapper.selectList       : ==> Parameters: 4(Long)
2026-01-09 00:47:43.433 DEBUG 35008 --- [http-nio-8082-exec-5] e.f.m.mapper.CartMapper.selectList       : <==      Total: 1
2026-01-09 00:47:43.435  INFO 35008 --- [http-nio-8082-exec-5] edu.fdzc.malluser.service.CartService    : 获取到购物车列表：[Cart(id=2009306023145312257, userId=4, productId=4, productName=测试商品1, price=99.99, num=1)]
2026-01-09 00:47:46.567  INFO 35008 --- [http-nio-8082-exec-6] e.f.malluser.controller.CartController   : 接收到删除购物车请求，id: 2009306023145312257
2026-01-09 00:47:46.568  INFO 35008 --- [http-nio-8082-exec-6] edu.fdzc.malluser.service.CartService    : 开始删除购物车项，id: 2009306023145312257
2026-01-09 00:47:46.569  INFO 35008 --- [http-nio-8082-exec-6] edu.fdzc.malluser.service.CartService    : id的类型: java.lang.String
2026-01-09 00:47:46.570 DEBUG 35008 --- [http-nio-8082-exec-6] e.f.m.mapper.CartMapper.deleteById       : ==>  Preparing: DELETE FROM cart WHERE id=?
2026-01-09 00:47:46.571 DEBUG 35008 --- [http-nio-8082-exec-6] e.f.m.mapper.CartMapper.deleteById       : ==> Parameters: 2009306023145312257(String)
2026-01-09 00:47:46.575 DEBUG 35008 --- [http-nio-8082-exec-6] e.f.m.mapper.CartMapper.deleteById       : <==    Updates: 1
2026-01-09 00:47:46.575  INFO 35008 --- [http-nio-8082-exec-6] edu.fdzc.malluser.service.CartService    : 删除购物车操作结果，影响行数: 1
2026-01-09 00:47:46.591  INFO 35008 --- [http-nio-8082-exec-7] edu.fdzc.malluser.service.CartService    : 获取用户 4 的购物车列表
2026-01-09 00:47:46.592 DEBUG 35008 --- [http-nio-8082-exec-7] e.f.m.mapper.CartMapper.selectList       : ==>  Preparing: SELECT id,user_id,product_id,product_name,price,num FROM cart WHERE (user_id = ?)
2026-01-09 00:47:46.594 DEBUG 35008 --- [http-nio-8082-exec-7] e.f.m.mapper.CartMapper.selectList       : ==> Parameters: 4(Long)
2026-01-09 00:47:46.596 DEBUG 35008 --- [http-nio-8082-exec-7] e.f.m.mapper.CartMapper.selectList       : <==      Total: 0
2026-01-09 00:47:46.596  INFO 35008 --- [http-nio-8082-exec-7] edu.fdzc.malluser.service.CartService    : 获取到购物车列表：[]
